- Date : 2020-02-06T07:38:43.506Z  --  level : [32minfo[39m -- message : Application démarré sur localhost:8080 
- Date : 2020-02-06T07:39:16.640Z  --  level : [32minfo[39m -- message : Application démarré sur localhost:8080 
- Date : 2020-02-06T07:40:16.395Z  --  level : [32minfo[39m -- message : {"host":"localhost:8080","connection":"keep-alive","upgrade-insecure-requests":"1","user-agent":"Mozilla/5.0 (Windows NT 10.0; Win64; x64) AppleWebKit/537.36 (KHTML, like Gecko) Chrome/71.0.3578.98 Safari/537.36","dnt":"1","accept":"text/html,application/xhtml+xml,application/xml;q=0.9,image/webp,image/apng,*/*;q=0.8","accept-encoding":"gzip, deflate, br","accept-language":"en-US,en;q=0.9,fr;q=0.8"} 
- Date : 2020-02-06T07:40:16.400Z  --  level : [31merror[39m -- message : Error token invalid {} 
- Date : 2020-02-06T07:47:33.709Z  --  level : [32minfo[39m -- message : Application démarré sur localhost:8080 
- Date : 2020-02-06T07:49:25.341Z  --  level : [32minfo[39m -- message : {"authorization":"eyJhbGciOiJIUzI1NiIsInR5cCI6IkpXVCJ9.eyJ1c2VybmFtZSI6InRvdXJlNTAxMyIsImlhdCI6MTU3MzY2NTAzOCwiZXhwIjoxNTczNzM3MDM4fQ.WtwhA08BHLM03ue84A2J7_RuE0d8x7Zw6z-bkuYnD3I","content-type":"multipart/form-data; boundary=--------------------------019505935321244466406911","user-agent":"PostmanRuntime/7.22.0","accept":"*/*","cache-control":"no-cache","postman-token":"04a491b8-df7e-460e-8d4b-2a3ae0a7c13b","host":"localhost:8080","accept-encoding":"gzip, deflate, br","content-length":"995","connection":"keep-alive"} 
- Date : 2020-02-06T07:59:04.496Z  --  level : [32minfo[39m -- message : Application démarré sur localhost:8080 
- Date : 2020-02-06T07:59:13.070Z  --  level : [32minfo[39m -- message : Application démarré sur localhost:8080 
- Date : 2020-02-06T08:00:22.800Z  --  level : [31merror[39m -- message : {"status":400,"success":false,"error":"Erreur lors de l'enregistrement du fichier"} 
- Date : 2020-02-06T08:00:44.552Z  --  level : [32minfo[39m -- message : Application démarré sur localhost:8080 
- Date : 2020-02-21T09:00:31.145Z  --  level : [32minfo[39m -- message : Application démarré sur localhost:8080 
- Date : 2020-02-21T09:01:46.810Z  --  level : [32minfo[39m -- message : Application démarré sur localhost:8080 
- Date : 2020-02-21T09:02:02.503Z  --  level : [32minfo[39m -- message : Application démarré sur localhost:8080 
- Date : 2020-02-21T09:02:15.585Z  --  level : [32minfo[39m -- message : Application démarré sur localhost:8080 
- Date : 2020-02-21T09:02:28.497Z  --  level : [32minfo[39m -- message : Application démarré sur localhost:8080 
- Date : 2020-02-21T09:02:40.071Z  --  level : [32minfo[39m -- message : Application démarré sur localhost:8080 
- Date : 2020-02-21T09:02:55.869Z  --  level : [32minfo[39m -- message : Application démarré sur localhost:8080 
- Date : 2020-02-21T09:02:59.685Z  --  level : [32minfo[39m -- message : Application démarré sur localhost:8080 
- Date : 2020-02-21T09:03:48.962Z  --  level : [32minfo[39m -- message : Application démarré sur localhost:8080 
- Date : 2020-02-21T09:04:02.456Z  --  level : [32minfo[39m -- message : Application démarré sur localhost:8080 
- Date : 2020-02-21T09:04:34.385Z  --  level : [32minfo[39m -- message : Application démarré sur localhost:8080 
- Date : 2020-02-21T09:04:58.786Z  --  level : [32minfo[39m -- message : Application démarré sur localhost:8080 
- Date : 2020-02-21T09:05:28.580Z  --  level : [32minfo[39m -- message : Application démarré sur localhost:8080 
- Date : 2020-02-21T09:05:35.387Z  --  level : [32minfo[39m -- message : Application démarré sur localhost:8080 
- Date : 2020-02-21T09:05:38.483Z  --  level : [32minfo[39m -- message : Application démarré sur localhost:8080 
- Date : 2020-02-21T09:06:19.867Z  --  level : [32minfo[39m -- message : Application démarré sur localhost:8080 
- Date : 2020-02-21T09:07:33.730Z  --  level : [32minfo[39m -- message : Application démarré sur localhost:8080 
- Date : 2020-02-21T09:08:02.502Z  --  level : [32minfo[39m -- message : Application démarré sur localhost:8080 
- Date : 2020-02-21T09:08:11.104Z  --  level : [32minfo[39m -- message : Application démarré sur localhost:8080 
- Date : 2020-02-21T09:08:35.217Z  --  level : [32minfo[39m -- message : Application démarré sur localhost:8080 
- Date : 2020-02-21T09:09:11.292Z  --  level : [32minfo[39m -- message : {"authorization":"eyJhbGciOiJIUzI1NiIsInR5cCI6IkpXVCJ9.eyJ1c2VybmFtZSI6InRvdXJlNTAxMyIsImlhdCI6MTU3MzY2NTAzOCwiZXhwIjoxNTczNzM3MDM4fQ.WtwhA08BHLM03ue84A2J7_RuE0d8x7Zw6z-bkuYnD3I","content-type":"multipart/form-data; boundary=--------------------------203866595878605869762340","user-agent":"PostmanRuntime/7.22.0","accept":"*/*","cache-control":"no-cache","postman-token":"35adf61a-1ad3-4cac-9abe-852cd6603afa","host":"localhost:8080","accept-encoding":"gzip, deflate, br","content-length":"995","connection":"keep-alive"} 
- Date : 2020-02-21T09:10:51.841Z  --  level : [32minfo[39m -- message : {"authorization":"eyJhbGciOiJIUzI1NiIsInR5cCI6IkpXVCJ9.eyJ1c2VybmFtZSI6InRvdXJlNTAxMyIsImlhdCI6MTU3MzY2NTAzOCwiZXhwIjoxNTczNzM3MDM4fQ.WtwhA08BHLM03ue84A2J7_RuE0d8x7Zw6z-bkuYnD3I","content-type":"multipart/form-data; boundary=--------------------------918465302332294307750108","user-agent":"PostmanRuntime/7.22.0","accept":"*/*","cache-control":"no-cache","postman-token":"75dda414-0e3d-44fa-aac6-a4a3a8a3c35d","host":"localhost:8080","accept-encoding":"gzip, deflate, br","content-length":"100980","connection":"keep-alive"} 
- Date : 2020-02-21T09:12:27.509Z  --  level : [32minfo[39m -- message : Application démarré sur localhost:8080 
- Date : 2020-02-21T09:12:49.586Z  --  level : [32minfo[39m -- message : Application démarré sur localhost:8080 
- Date : 2020-02-21T09:13:11.628Z  --  level : [32minfo[39m -- message : Application démarré sur localhost:8080 
- Date : 2020-02-21T09:13:18.996Z  --  level : [32minfo[39m -- message : Application démarré sur localhost:8080 
- Date : 2020-02-21T09:14:05.006Z  --  level : [32minfo[39m -- message : Application démarré sur localhost:8080 
- Date : 2020-02-21T09:15:04.064Z  --  level : [32minfo[39m -- message : Application démarré sur localhost:8080 
- Date : 2020-02-21T09:15:13.884Z  --  level : [32minfo[39m -- message : Application démarré sur localhost:8080 
- Date : 2020-02-21T09:15:56.131Z  --  level : [32minfo[39m -- message : Application démarré sur localhost:8080 
- Date : 2020-02-21T09:16:04.527Z  --  level : [32minfo[39m -- message : Application démarré sur localhost:8080 
- Date : 2020-02-21T09:16:24.018Z  --  level : [32minfo[39m -- message : Application démarré sur localhost:8080 
- Date : 2020-02-21T09:17:07.532Z  --  level : [32minfo[39m -- message : Application démarré sur localhost:8080 
- Date : 2020-02-21T09:17:22.196Z  --  level : [32minfo[39m -- message : Application démarré sur localhost:8080 
- Date : 2020-02-21T09:31:11.472Z  --  level : [32minfo[39m -- message : {"authorization":"Basic dG91cmU1MDEzOjEyMzQ1Njc4OQ==","user-agent":"PostmanRuntime/7.22.0","accept":"*/*","cache-control":"no-cache","postman-token":"7a7d4683-7b3a-49af-8e7a-3c6fa7eb6f4a","host":"localhost:8080","content-type":"multipart/form-data; boundary=--------------------------916723598008171865192141","accept-encoding":"gzip, deflate, br","content-length":"282","connection":"keep-alive"} 
- Date : 2020-02-21T09:31:35.188Z  --  level : [32minfo[39m -- message : {"authorization":"Basic dG91cmU1MDEzOjEyMzQ1Njc4OQ==","user-agent":"PostmanRuntime/7.22.0","accept":"*/*","cache-control":"no-cache","postman-token":"7acc7e69-c64c-4b25-89e3-8161a014aa37","host":"localhost:8080","content-type":"multipart/form-data; boundary=--------------------------059802272462298789459048","accept-encoding":"gzip, deflate, br","content-length":"282","connection":"keep-alive"} 
