- Date : 2020-06-03T00:09:19.846Z  --  level : [32minfo[39m -- message : Application démarré sur localhost:8080 
- Date : 2020-06-03T00:10:35.268Z  --  level : [32minfo[39m -- message : Application démarré sur localhost:8080 
- Date : 2020-06-03T00:14:27.698Z  --  level : [32minfo[39m -- message : Application démarré sur localhost:8080 
- Date : 2020-06-03T00:16:28.964Z  --  level : [32minfo[39m -- message : Application démarré sur localhost:8080 
- Date : 2020-06-03T00:18:03.056Z  --  level : [32minfo[39m -- message : Application démarré sur localhost:8080 
- Date : 2020-06-03T00:18:12.866Z  --  level : [32minfo[39m -- message : Application démarré sur localhost:8080 
- Date : 2020-06-03T00:18:37.646Z  --  level : [32minfo[39m -- message : Application démarré sur localhost:8080 
- Date : 2020-06-03T00:21:33.159Z  --  level : [32minfo[39m -- message : Application démarré sur localhost:8080 
- Date : 2020-06-03T00:25:40.818Z  --  level : [32minfo[39m -- message : Application démarré sur localhost:8080 
- Date : 2020-06-03T00:26:45.769Z  --  level : [32minfo[39m -- message : Application démarré sur localhost:8080 
- Date : 2020-06-03T00:26:57.456Z  --  level : [32minfo[39m -- message : Application démarré sur localhost:8080 
- Date : 2020-06-03T00:27:20.213Z  --  level : [32minfo[39m -- message : Application démarré sur localhost:8080 
- Date : 2020-06-03T00:27:31.902Z  --  level : [32minfo[39m -- message : Application démarré sur localhost:8080 
- Date : 2020-06-03T00:27:39.352Z  --  level : [32minfo[39m -- message : Application démarré sur localhost:8080 
- Date : 2020-06-03T00:27:57.879Z  --  level : [32minfo[39m -- message : Application démarré sur localhost:8080 
- Date : 2020-06-03T00:28:04.415Z  --  level : [32minfo[39m -- message : Application démarré sur localhost:8080 
- Date : 2020-06-03T00:29:33.711Z  --  level : [32minfo[39m -- message : Application démarré sur localhost:8080 
- Date : 2020-06-03T00:33:00.242Z  --  level : [32minfo[39m -- message : Application démarré sur localhost:8080 
- Date : 2020-06-03T00:36:17.880Z  --  level : [32minfo[39m -- message : Application démarré sur localhost:8080 
- Date : 2020-06-03T00:36:30.303Z  --  level : [32minfo[39m -- message : Application démarré sur localhost:8080 
- Date : 2020-06-03T00:36:53.796Z  --  level : [32minfo[39m -- message : Application démarré sur localhost:8080 
- Date : 2020-06-03T00:37:07.640Z  --  level : [32minfo[39m -- message : Application démarré sur localhost:8080 
- Date : 2020-06-03T00:37:14.409Z  --  level : [32minfo[39m -- message : Application démarré sur localhost:8080 
- Date : 2020-06-03T00:37:46.848Z  --  level : [32minfo[39m -- message : Application démarré sur localhost:8080 
- Date : 2020-06-03T00:38:50.709Z  --  level : [32minfo[39m -- message : Application démarré sur localhost:8080 
- Date : 2020-06-03T00:39:11.570Z  --  level : [32minfo[39m -- message : Application démarré sur localhost:8080 
- Date : 2020-06-03T00:39:20.996Z  --  level : [32minfo[39m -- message : Application démarré sur localhost:8080 
- Date : 2020-06-03T00:40:53.071Z  --  level : [32minfo[39m -- message : Application démarré sur localhost:8080 
- Date : 2020-06-03T00:41:39.947Z  --  level : [32minfo[39m -- message : Application démarré sur localhost:8080 
- Date : 2020-06-03T00:42:28.375Z  --  level : [32minfo[39m -- message : Application démarré sur localhost:8080 
- Date : 2020-06-03T00:42:52.656Z  --  level : [32minfo[39m -- message : Application démarré sur localhost:8080 
- Date : 2020-06-03T00:46:07.678Z  --  level : [32minfo[39m -- message : Application démarré sur localhost:8080 
- Date : 2020-06-03T00:46:41.472Z  --  level : [32minfo[39m -- message : Application démarré sur localhost:8080 
- Date : 2020-06-03T00:47:08.271Z  --  level : [32minfo[39m -- message : Application démarré sur localhost:8080 
- Date : 2020-06-03T00:47:25.087Z  --  level : [32minfo[39m -- message : Application démarré sur localhost:8080 
- Date : 2020-06-03T00:47:35.564Z  --  level : [32minfo[39m -- message : Application démarré sur localhost:8080 
- Date : 2020-06-03T00:48:03.564Z  --  level : [32minfo[39m -- message : Application démarré sur localhost:8080 
- Date : 2020-06-03T00:48:41.594Z  --  level : [32minfo[39m -- message : Application démarré sur localhost:8080 
- Date : 2020-06-03T00:51:44.379Z  --  level : [32minfo[39m -- message : Application démarré sur localhost:8080 
- Date : 2020-06-03T00:52:31.822Z  --  level : [32minfo[39m -- message : Application démarré sur localhost:8080 
- Date : 2020-06-03T00:53:47.530Z  --  level : [32minfo[39m -- message : Application démarré sur localhost:8080 
- Date : 2020-06-03T00:54:47.552Z  --  level : [32minfo[39m -- message : Application démarré sur localhost:8080 
- Date : 2020-06-03T00:55:11.813Z  --  level : [32minfo[39m -- message : Application démarré sur localhost:8080 
- Date : 2020-06-03T00:55:52.714Z  --  level : [32minfo[39m -- message : Application démarré sur localhost:8080 
- Date : 2020-06-03T00:55:58.690Z  --  level : [32minfo[39m -- message : Application démarré sur localhost:8080 
- Date : 2020-06-03T00:56:16.666Z  --  level : [32minfo[39m -- message : Application démarré sur localhost:8080 
- Date : 2020-06-03T00:57:27.041Z  --  level : [32minfo[39m -- message : Application démarré sur localhost:8080 
- Date : 2020-06-03T00:58:00.452Z  --  level : [32minfo[39m -- message : Application démarré sur localhost:8080 
- Date : 2020-06-03T00:58:03.836Z  --  level : [32minfo[39m -- message : Application démarré sur localhost:8080 
- Date : 2020-06-03T00:58:08.551Z  --  level : [32minfo[39m -- message : Application démarré sur localhost:8080 
- Date : 2020-06-03T00:58:24.577Z  --  level : [32minfo[39m -- message : Application démarré sur localhost:8080 
- Date : 2020-06-03T00:58:31.489Z  --  level : [32minfo[39m -- message : Application démarré sur localhost:8080 
- Date : 2020-06-03T00:59:16.206Z  --  level : [32minfo[39m -- message : Application démarré sur localhost:8080 
- Date : 2020-06-03T00:59:37.948Z  --  level : [32minfo[39m -- message : Application démarré sur localhost:8080 
- Date : 2020-06-03T01:00:57.006Z  --  level : [32minfo[39m -- message : Application démarré sur localhost:8080 
- Date : 2020-06-03T01:01:01.111Z  --  level : [32minfo[39m -- message : Application démarré sur localhost:8080 
- Date : 2020-06-03T01:01:13.154Z  --  level : [32minfo[39m -- message : Application démarré sur localhost:8080 
- Date : 2020-06-03T01:01:19.924Z  --  level : [32minfo[39m -- message : Application démarré sur localhost:8080 
- Date : 2020-06-03T01:02:11.285Z  --  level : [32minfo[39m -- message : Application démarré sur localhost:8080 
- Date : 2020-06-03T01:02:18.457Z  --  level : [32minfo[39m -- message : Application démarré sur localhost:8080 
- Date : 2020-06-03T01:03:11.014Z  --  level : [32minfo[39m -- message : Application démarré sur localhost:8080 
- Date : 2020-06-03T01:03:26.978Z  --  level : [32minfo[39m -- message : Application démarré sur localhost:8080 
- Date : 2020-06-03T01:04:19.075Z  --  level : [32minfo[39m -- message : Application démarré sur localhost:8080 
- Date : 2020-06-03T01:04:47.610Z  --  level : [32minfo[39m -- message : Application démarré sur localhost:8080 
- Date : 2020-06-03T01:04:56.676Z  --  level : [32minfo[39m -- message : Application démarré sur localhost:8080 
- Date : 2020-06-03T01:05:26.617Z  --  level : [32minfo[39m -- message : Application démarré sur localhost:8080 
- Date : 2020-06-03T01:05:36.663Z  --  level : [32minfo[39m -- message : Application démarré sur localhost:8080 
- Date : 2020-06-03T01:06:31.751Z  --  level : [32minfo[39m -- message : Application démarré sur localhost:8080 
- Date : 2020-06-03T01:06:41.749Z  --  level : [32minfo[39m -- message : Application démarré sur localhost:8080 
- Date : 2020-06-03T01:06:47.652Z  --  level : [32minfo[39m -- message : Application démarré sur localhost:8080 
- Date : 2020-06-03T01:07:00.147Z  --  level : [32minfo[39m -- message : Application démarré sur localhost:8080 
- Date : 2020-06-03T01:07:06.286Z  --  level : [32minfo[39m -- message : Application démarré sur localhost:8080 
- Date : 2020-06-03T01:08:54.159Z  --  level : [32minfo[39m -- message : Application démarré sur localhost:8080 
- Date : 2020-06-03T01:09:49.843Z  --  level : [32minfo[39m -- message : Application démarré sur localhost:8080 
- Date : 2020-06-03T01:09:58.597Z  --  level : [32minfo[39m -- message : Application démarré sur localhost:8080 
- Date : 2020-06-03T01:10:03.268Z  --  level : [32minfo[39m -- message : Application démarré sur localhost:8080 
- Date : 2020-06-03T01:10:07.914Z  --  level : [32minfo[39m -- message : Application démarré sur localhost:8080 
- Date : 2020-06-03T01:10:25.053Z  --  level : [32minfo[39m -- message : Application démarré sur localhost:8080 
- Date : 2020-06-03T01:10:34.205Z  --  level : [32minfo[39m -- message : Application démarré sur localhost:8080 
- Date : 2020-06-03T01:10:37.475Z  --  level : [32minfo[39m -- message : Application démarré sur localhost:8080 
- Date : 2020-06-03T01:10:54.754Z  --  level : [32minfo[39m -- message : Application démarré sur localhost:8080 
- Date : 2020-06-03T01:11:04.398Z  --  level : [32minfo[39m -- message : Application démarré sur localhost:8080 
- Date : 2020-06-03T01:13:14.343Z  --  level : [32minfo[39m -- message : Application démarré sur localhost:8080 
- Date : 2020-06-03T01:13:18.126Z  --  level : [32minfo[39m -- message : Application démarré sur localhost:8080 
- Date : 2020-06-03T01:13:26.478Z  --  level : [32minfo[39m -- message : Application démarré sur localhost:8080 
- Date : 2020-06-03T01:14:25.563Z  --  level : [32minfo[39m -- message : Application démarré sur localhost:8080 
- Date : 2020-06-03T01:14:29.116Z  --  level : [32minfo[39m -- message : Application démarré sur localhost:8080 
- Date : 2020-06-03T01:14:49.745Z  --  level : [32minfo[39m -- message : Application démarré sur localhost:8080 
- Date : 2020-06-03T01:15:13.574Z  --  level : [32minfo[39m -- message : Application démarré sur localhost:8080 
- Date : 2020-06-03T01:15:34.177Z  --  level : [32minfo[39m -- message : Application démarré sur localhost:8080 
- Date : 2020-06-03T01:17:47.087Z  --  level : [32minfo[39m -- message : Application démarré sur localhost:8080 
- Date : 2020-06-03T01:20:02.576Z  --  level : [32minfo[39m -- message : Application démarré sur localhost:8080 
- Date : 2020-06-03T01:20:57.755Z  --  level : [32minfo[39m -- message : Application démarré sur localhost:8080 
- Date : 2020-06-03T01:21:36.938Z  --  level : [32minfo[39m -- message : Application démarré sur localhost:8080 
- Date : 2020-06-03T01:21:58.203Z  --  level : [32minfo[39m -- message : Application démarré sur localhost:8080 
- Date : 2020-06-03T01:22:02.355Z  --  level : [32minfo[39m -- message : Application démarré sur localhost:8080 
- Date : 2020-06-03T01:22:47.537Z  --  level : [32minfo[39m -- message : Application démarré sur localhost:8080 
- Date : 2020-06-03T01:25:14.308Z  --  level : [32minfo[39m -- message : Application démarré sur localhost:8080 
- Date : 2020-06-03T01:26:41.261Z  --  level : [32minfo[39m -- message : Application démarré sur localhost:8080 
- Date : 2020-06-03T01:26:51.227Z  --  level : [32minfo[39m -- message : Application démarré sur localhost:8080 
- Date : 2020-06-03T01:27:17.015Z  --  level : [32minfo[39m -- message : Application démarré sur localhost:8080 
- Date : 2020-06-03T01:29:17.095Z  --  level : [32minfo[39m -- message : Application démarré sur localhost:8080 
- Date : 2020-06-03T01:30:05.114Z  --  level : [32minfo[39m -- message : Application démarré sur localhost:8080 
- Date : 2020-06-03T01:30:28.306Z  --  level : [32minfo[39m -- message : Application démarré sur localhost:8080 
- Date : 2020-06-03T01:31:03.953Z  --  level : [32minfo[39m -- message : {"accept":"application/json","user-agent":"PostmanRuntime/7.25.0","cache-control":"no-cache","postman-token":"60c75026-856a-4cfa-8fef-e97ca2b02c52","host":"localhost:8080","accept-encoding":"gzip, deflate, br","connection":"keep-alive","content-type":"application/x-www-form-urlencoded","content-length":"107"} 
- Date : 2020-06-03T01:31:03.957Z  --  level : [31merror[39m -- message : Error token invalid {} 
- Date : 2020-06-03T01:33:48.645Z  --  level : [32minfo[39m -- message : Application démarré sur localhost:8080 
- Date : 2020-06-03T01:34:19.846Z  --  level : [32minfo[39m -- message : Application démarré sur localhost:8080 
- Date : 2020-06-03T01:34:27.506Z  --  level : [32minfo[39m -- message : Application démarré sur localhost:8080 
- Date : 2020-06-03T01:34:31.371Z  --  level : [32minfo[39m -- message : Application démarré sur localhost:8080 
- Date : 2020-06-03T01:34:36.573Z  --  level : [32minfo[39m -- message : Application démarré sur localhost:8080 
- Date : 2020-06-03T01:35:25.103Z  --  level : [32minfo[39m -- message : Application démarré sur localhost:8080 
- Date : 2020-06-03T01:35:40.739Z  --  level : [32minfo[39m -- message : Application démarré sur localhost:8080 
- Date : 2020-06-03T01:35:58.624Z  --  level : [32minfo[39m -- message : Application démarré sur localhost:8080 
- Date : 2020-06-03T01:36:13.792Z  --  level : [32minfo[39m -- message : Application démarré sur localhost:8080 
- Date : 2020-06-03T01:36:19.938Z  --  level : [32minfo[39m -- message : Application démarré sur localhost:8080 
- Date : 2020-06-03T01:36:23.812Z  --  level : [32minfo[39m -- message : Application démarré sur localhost:8080 
- Date : 2020-06-03T01:36:29.003Z  --  level : [32minfo[39m -- message : Application démarré sur localhost:8080 
- Date : 2020-06-03T01:37:35.016Z  --  level : [32minfo[39m -- message : Application démarré sur localhost:8080 
- Date : 2020-06-03T01:37:40.754Z  --  level : [32minfo[39m -- message : Application démarré sur localhost:8080 
- Date : 2020-06-03T01:37:59.858Z  --  level : [32minfo[39m -- message : Application démarré sur localhost:8080 
- Date : 2020-06-03T01:38:21.777Z  --  level : [32minfo[39m -- message : Application démarré sur localhost:8080 
- Date : 2020-06-03T01:39:30.928Z  --  level : [32minfo[39m -- message : Application démarré sur localhost:8080 
- Date : 2020-06-03T01:40:23.175Z  --  level : [32minfo[39m -- message : Application démarré sur localhost:8080 
- Date : 2020-06-03T01:40:43.821Z  --  level : [32minfo[39m -- message : Application démarré sur localhost:8080 
- Date : 2020-06-03T01:40:47.094Z  --  level : [32minfo[39m -- message : Application démarré sur localhost:8080 
- Date : 2020-06-03T01:41:08.749Z  --  level : [32minfo[39m -- message : Application démarré sur localhost:8080 
- Date : 2020-06-03T01:41:21.981Z  --  level : [32minfo[39m -- message : Application démarré sur localhost:8080 
- Date : 2020-06-03T01:41:47.468Z  --  level : [32minfo[39m -- message : Application démarré sur localhost:8080 
- Date : 2020-06-03T01:41:51.298Z  --  level : [32minfo[39m -- message : Application démarré sur localhost:8080 
- Date : 2020-06-03T01:42:10.954Z  --  level : [32minfo[39m -- message : Application démarré sur localhost:8080 
- Date : 2020-06-03T01:42:34.552Z  --  level : [32minfo[39m -- message : Application démarré sur localhost:8080 
- Date : 2020-06-03T01:42:41.212Z  --  level : [32minfo[39m -- message : Application démarré sur localhost:8080 
- Date : 2020-06-03T01:42:51.739Z  --  level : [32minfo[39m -- message : Application démarré sur localhost:8080 
- Date : 2020-06-03T01:43:08.208Z  --  level : [32minfo[39m -- message : Application démarré sur localhost:8080 
- Date : 2020-06-03T01:43:28.991Z  --  level : [32minfo[39m -- message : Application démarré sur localhost:8080 
- Date : 2020-06-03T01:43:38.331Z  --  level : [32minfo[39m -- message : Application démarré sur localhost:8080 
- Date : 2020-06-03T01:48:12.980Z  --  level : [32minfo[39m -- message : Application démarré sur localhost:8080 
- Date : 2020-06-03T01:55:49.291Z  --  level : [32minfo[39m -- message : Application démarré sur localhost:8080 
- Date : 2020-06-03T01:56:04.315Z  --  level : [32minfo[39m -- message : Application démarré sur localhost:8080 
- Date : 2020-06-03T01:56:50.008Z  --  level : [32minfo[39m -- message : Application démarré sur localhost:8080 
- Date : 2020-06-03T01:56:57.408Z  --  level : [32minfo[39m -- message : Application démarré sur localhost:8080 
- Date : 2020-06-03T01:59:55.231Z  --  level : [32minfo[39m -- message : Application démarré sur localhost:8080 
- Date : 2020-06-03T02:00:00.994Z  --  level : [32minfo[39m -- message : Application démarré sur localhost:8080 
- Date : 2020-06-03T02:01:55.618Z  --  level : [32minfo[39m -- message : Application démarré sur localhost:8080 
- Date : 2020-06-03T02:02:54.164Z  --  level : [32minfo[39m -- message : Application démarré sur localhost:8080 
- Date : 2020-06-03T02:03:06.629Z  --  level : [32minfo[39m -- message : Application démarré sur localhost:8080 
- Date : 2020-06-03T02:03:11.391Z  --  level : [32minfo[39m -- message : Application démarré sur localhost:8080 
- Date : 2020-06-03T02:03:23.746Z  --  level : [32minfo[39m -- message : Application démarré sur localhost:8080 
- Date : 2020-06-03T02:04:14.345Z  --  level : [32minfo[39m -- message : {"accept":"application/json","user-agent":"PostmanRuntime/7.25.0","cache-control":"no-cache","postman-token":"04d6ff10-e4fb-4cd3-9986-95622ad0bb33","host":"localhost:8080","accept-encoding":"gzip, deflate, br","connection":"keep-alive","content-type":"application/x-www-form-urlencoded","content-length":"108"} 
- Date : 2020-06-03T02:04:14.349Z  --  level : [31merror[39m -- message : Error token invalid {} 
- Date : 2020-06-03T02:06:10.405Z  --  level : [32minfo[39m -- message : Application démarré sur localhost:8080 
- Date : 2020-06-03T02:07:25.284Z  --  level : [32minfo[39m -- message : Application démarré sur localhost:8080 
- Date : 2020-06-03T02:07:32.840Z  --  level : [32minfo[39m -- message : Application démarré sur localhost:8080 
- Date : 2020-06-03T02:07:42.891Z  --  level : [32minfo[39m -- message : Application démarré sur localhost:8080 
- Date : 2020-06-03T02:07:50.299Z  --  level : [32minfo[39m -- message : Application démarré sur localhost:8080 
- Date : 2020-06-03T02:08:00.945Z  --  level : [32minfo[39m -- message : Application démarré sur localhost:8080 
- Date : 2020-06-03T02:08:27.888Z  --  level : [32minfo[39m -- message : Application démarré sur localhost:8080 
- Date : 2020-06-03T02:09:43.058Z  --  level : [32minfo[39m -- message : Application démarré sur localhost:8080 
- Date : 2020-06-03T02:11:25.606Z  --  level : [32minfo[39m -- message : Application démarré sur localhost:8080 
- Date : 2020-06-03T02:12:54.450Z  --  level : [32minfo[39m -- message : Application démarré sur localhost:8080 
- Date : 2020-06-03T02:13:05.507Z  --  level : [32minfo[39m -- message : Application démarré sur localhost:8080 
- Date : 2020-06-03T02:13:46.138Z  --  level : [32minfo[39m -- message : Application démarré sur localhost:8080 
- Date : 2020-06-03T02:14:36.424Z  --  level : [32minfo[39m -- message : Application démarré sur localhost:8080 
- Date : 2020-06-03T02:16:22.562Z  --  level : [32minfo[39m -- message : Application démarré sur localhost:8080 
- Date : 2020-06-03T02:16:27.131Z  --  level : [32minfo[39m -- message : Application démarré sur localhost:8080 
- Date : 2020-06-03T02:16:52.588Z  --  level : [32minfo[39m -- message : Application démarré sur localhost:8080 
- Date : 2020-06-03T02:16:55.204Z  --  level : [32minfo[39m -- message : Application démarré sur localhost:8080 
- Date : 2020-06-03T02:17:06.761Z  --  level : [32minfo[39m -- message : Application démarré sur localhost:8080 
- Date : 2020-06-03T02:19:34.844Z  --  level : [32minfo[39m -- message : Application démarré sur localhost:8080 
- Date : 2020-06-03T02:19:46.863Z  --  level : [32minfo[39m -- message : Application démarré sur localhost:8080 
- Date : 2020-06-03T02:19:54.893Z  --  level : [32minfo[39m -- message : Application démarré sur localhost:8080 
- Date : 2020-06-03T02:20:40.724Z  --  level : [32minfo[39m -- message : Application démarré sur localhost:8080 
- Date : 2020-06-03T02:23:42.992Z  --  level : [32minfo[39m -- message : Application démarré sur localhost:8080 
- Date : 2020-06-03T02:24:00.637Z  --  level : [32minfo[39m -- message : Application démarré sur localhost:8080 
- Date : 2020-06-03T02:24:08.705Z  --  level : [32minfo[39m -- message : Application démarré sur localhost:8080 
- Date : 2020-06-03T02:24:13.926Z  --  level : [32minfo[39m -- message : Application démarré sur localhost:8080 
- Date : 2020-06-03T02:24:39.098Z  --  level : [32minfo[39m -- message : Application démarré sur localhost:8080 
- Date : 2020-06-03T02:24:55.675Z  --  level : [32minfo[39m -- message : Application démarré sur localhost:8080 
- Date : 2020-06-03T02:25:39.947Z  --  level : [32minfo[39m -- message : Application démarré sur localhost:8080 
- Date : 2020-06-03T02:25:54.609Z  --  level : [32minfo[39m -- message : Application démarré sur localhost:8080 
- Date : 2020-06-03T02:26:15.404Z  --  level : [32minfo[39m -- message : Application démarré sur localhost:8080 
- Date : 2020-06-03T02:26:30.329Z  --  level : [32minfo[39m -- message : Application démarré sur localhost:8080 
- Date : 2020-06-03T02:26:50.811Z  --  level : [32minfo[39m -- message : Application démarré sur localhost:8080 
- Date : 2020-06-03T02:29:02.916Z  --  level : [32minfo[39m -- message : Application démarré sur localhost:8080 
- Date : 2020-06-03T02:30:29.829Z  --  level : [32minfo[39m -- message : Application démarré sur localhost:8080 
- Date : 2020-06-03T02:30:35.799Z  --  level : [32minfo[39m -- message : Application démarré sur localhost:8080 
- Date : 2020-06-03T02:30:43.638Z  --  level : [32minfo[39m -- message : Application démarré sur localhost:8080 
- Date : 2020-06-03T02:34:04.867Z  --  level : [32minfo[39m -- message : {"accept":"application/json","authorization":"Bearer eyJhbGciOiJIUzI1NiIsInR5cCI6IkpXVCJ9.eyJlbWFpbCI6InRvdXJlNTAxQGdtYWlsLmgiLCJsb2dpbkRhdGUiOiIyMDIwLTA2LTAzVDAyOjMyOjQ1LjIyNloiLCJpYXQiOjE1OTExNTE1NjUsImV4cCI6MTU5MTIyMzU2NX0.8jUetrS0XqziGdLkJuL_PA0EAurSJhTWDKHPlGaKgr4","user-agent":"PostmanRuntime/7.25.0","cache-control":"no-cache","postman-token":"59c90635-8c7a-4687-859d-ee86818fc776","host":"localhost:8080","accept-encoding":"gzip, deflate, br","connection":"keep-alive","content-type":"application/x-www-form-urlencoded","content-length":"105"} 
- Date : 2020-06-03T02:34:12.595Z  --  level : [32minfo[39m -- message : {"accept":"application/json","authorization":"Bearer eyJhbGciOiJIUzI1NiIsInR5cCI6IkpXVCJ9.eyJlbWFpbCI6InRvdXJlNTAxQGdtYWlsLmgiLCJsb2dpbkRhdGUiOiIyMDIwLTA2LTAzVDAyOjMyOjQ1LjIyNloiLCJpYXQiOjE1OTExNTE1NjUsImV4cCI6MTU5MTIyMzU2NX0.8jUetrS0XqziGdLkJuL_PA0EAurSJhTWDKHPlGaKgr4","user-agent":"PostmanRuntime/7.25.0","cache-control":"no-cache","postman-token":"e3ef0f61-fa0e-4e9c-a9b7-1552de67fb44","host":"localhost:8080","accept-encoding":"gzip, deflate, br","connection":"keep-alive","content-type":"application/x-www-form-urlencoded","content-length":"105"} 
- Date : 2020-06-03T02:36:12.527Z  --  level : [32minfo[39m -- message : {"accept":"application/json","authorization":"Bearer eyJhbGciOiJIUzI1NiIsInR5cCI6IkpXVCJ9.eyJlbWFpbCI6InRvdXJlNTAxQGdtYWlsLmgiLCJsb2dpbkRhdGUiOiIyMDIwLTA2LTAzVDAyOjMyOjQ1LjIyNloiLCJpYXQiOjE1OTExNTE1NjUsImV4cCI6MTU5MTIyMzU2NX0.8jUetrS0XqziGdLkJuL_PA0EAurSJhTWDKHPlGaKgr4","user-agent":"PostmanRuntime/7.25.0","cache-control":"no-cache","postman-token":"9d23971b-fb4a-4f68-b90a-f1562d5430a4","host":"localhost:8080","accept-encoding":"gzip, deflate, br","connection":"keep-alive","content-type":"application/x-www-form-urlencoded","content-length":"105"} 
- Date : 2020-06-03T02:37:22.155Z  --  level : [32minfo[39m -- message : {"accept":"application/json","authorization":"Bearer eyJhbGciOiJIUzI1NiIsInR5cCI6IkpXVCJ9.eyJlbWFpbCI6InRvdXJlNTAxQGdtYWlsLmgiLCJsb2dpbkRhdGUiOiIyMDIwLTA2LTAzVDAyOjMyOjQ1LjIyNloiLCJpYXQiOjE1OTExNTE1NjUsImV4cCI6MTU5MTIyMzU2NX0.8jUetrS0XqziGdLkJuL_PA0EAurSJhTWDKHPlGaKgr4","user-agent":"PostmanRuntime/7.25.0","cache-control":"no-cache","postman-token":"cac5cb14-e1cf-4644-a98c-d957e385476f","host":"localhost:8080","accept-encoding":"gzip, deflate, br","connection":"keep-alive","content-type":"application/x-www-form-urlencoded","content-length":"105"} 
- Date : 2020-06-03T02:37:32.812Z  --  level : [32minfo[39m -- message : {"accept":"application/json","authorization":"Bearer eyJhbGciOiJIUzI1NiIsInR5cCI6IkpXVCJ9.eyJlbWFpbCI6InRvdXJlNTAxQGdtYWlsLmgiLCJsb2dpbkRhdGUiOiIyMDIwLTA2LTAzVDAyOjMyOjQ1LjIyNloiLCJpYXQiOjE1OTExNTE1NjUsImV4cCI6MTU5MTIyMzU2NX0.8jUetrS0XqziGdLkJuL_PA0EAurSJhTWDKHPlGaKgr4","user-agent":"PostmanRuntime/7.25.0","cache-control":"no-cache","postman-token":"05d48fdd-aa8e-41a0-95bd-407bd41c61db","host":"localhost:8080","accept-encoding":"gzip, deflate, br","connection":"keep-alive","content-type":"application/x-www-form-urlencoded","content-length":"105"} 
- Date : 2020-06-03T02:37:37.023Z  --  level : [32minfo[39m -- message : {"authorization":"Bearer eyJhbGciOiJIUzI1NiIsInR5cCI6IkpXVCJ9.eyJlbWFpbCI6InRvdXJlNTAxQGdtYWlsLmgiLCJsb2dpbkRhdGUiOiIyMDIwLTA2LTAzVDAyOjMyOjQ1LjIyNloiLCJpYXQiOjE1OTExNTE1NjUsImV4cCI6MTU5MTIyMzU2NX0.8jUetrS0XqziGdLkJuL_PA0EAurSJhTWDKHPlGaKgr4","user-agent":"PostmanRuntime/7.25.0","accept":"*/*","cache-control":"no-cache","postman-token":"bdb8cc17-fecc-4594-8ba0-9ea1f1e000a3","host":"localhost:8080","accept-encoding":"gzip, deflate, br","connection":"keep-alive","content-type":"application/x-www-form-urlencoded","content-length":"105"} 
- Date : 2020-06-03T02:38:27.493Z  --  level : [32minfo[39m -- message : Application démarré sur localhost:8080 
- Date : 2020-06-03T02:38:33.785Z  --  level : [32minfo[39m -- message : {"authorization":"Bearer eyJhbGciOiJIUzI1NiIsInR5cCI6IkpXVCJ9.eyJlbWFpbCI6InRvdXJlNTAxQGdtYWlsLmgiLCJsb2dpbkRhdGUiOiIyMDIwLTA2LTAzVDAyOjMyOjQ1LjIyNloiLCJpYXQiOjE1OTExNTE1NjUsImV4cCI6MTU5MTIyMzU2NX0.8jUetrS0XqziGdLkJuL_PA0EAurSJhTWDKHPlGaKgr4","user-agent":"PostmanRuntime/7.25.0","accept":"*/*","cache-control":"no-cache","postman-token":"05b04bb7-5319-4929-92a6-7092992b2ebd","host":"localhost:8080","accept-encoding":"gzip, deflate, br","connection":"keep-alive","content-type":"application/x-www-form-urlencoded","content-length":"105"} 
- Date : 2020-06-03T02:40:29.518Z  --  level : [32minfo[39m -- message : Application démarré sur localhost:8080 
- Date : 2020-06-03T02:40:31.257Z  --  level : [32minfo[39m -- message : {"authorization":"Bearer eyJhbGciOiJIUzI1NiIsInR5cCI6IkpXVCJ9.eyJlbWFpbCI6InRvdXJlNTAxQGdtYWlsLmgiLCJsb2dpbkRhdGUiOiIyMDIwLTA2LTAzVDAyOjMyOjQ1LjIyNloiLCJpYXQiOjE1OTExNTE1NjUsImV4cCI6MTU5MTIyMzU2NX0.8jUetrS0XqziGdLkJuL_PA0EAurSJhTWDKHPlGaKgr4","user-agent":"PostmanRuntime/7.25.0","accept":"*/*","cache-control":"no-cache","postman-token":"2191ff09-051d-4fd1-82cd-a2737dd43785","host":"localhost:8080","accept-encoding":"gzip, deflate, br","connection":"keep-alive","content-type":"application/x-www-form-urlencoded","content-length":"105"} 
- Date : 2020-06-03T02:40:52.866Z  --  level : [32minfo[39m -- message : Application démarré sur localhost:8080 
- Date : 2020-06-03T02:40:54.440Z  --  level : [32minfo[39m -- message : {"authorization":"Bearer eyJhbGciOiJIUzI1NiIsInR5cCI6IkpXVCJ9.eyJlbWFpbCI6InRvdXJlNTAxQGdtYWlsLmgiLCJsb2dpbkRhdGUiOiIyMDIwLTA2LTAzVDAyOjMyOjQ1LjIyNloiLCJpYXQiOjE1OTExNTE1NjUsImV4cCI6MTU5MTIyMzU2NX0.8jUetrS0XqziGdLkJuL_PA0EAurSJhTWDKHPlGaKgr4","user-agent":"PostmanRuntime/7.25.0","accept":"*/*","cache-control":"no-cache","postman-token":"30c7498d-1383-4ffa-874c-92fd4fa8a463","host":"localhost:8080","accept-encoding":"gzip, deflate, br","connection":"keep-alive","content-type":"application/x-www-form-urlencoded","content-length":"105"} 
- Date : 2020-06-03T02:40:56.250Z  --  level : [32minfo[39m -- message : get All user with success 
- Date : 2020-06-03T02:41:08.775Z  --  level : [32minfo[39m -- message : {"authorization":"Bearer eyJhbGciOiJIUzI1NiIsInR5cCI6IkpXVCJ9.eyJlbWFpbCI6InRvdXJlNTAxQGdtYWlsLmgiLCJsb2dpbkRhdGUiOiIyMDIwLTA2LTAzVDAyOjMyOjQ1LjIyNloiLCJpYXQiOjE1OTExNTE1NjUsImV4cCI6MTU5MTIyMzU2NX0.8jUetrS0XqziGdLkJuL_PA0EAurSJhTWDKHPlGaKgr4","user-agent":"PostmanRuntime/7.25.0","accept":"*/*","cache-control":"no-cache","postman-token":"6770b6b5-fd6f-4525-aaf1-418075daac9e","host":"localhost:8080","accept-encoding":"gzip, deflate, br","connection":"keep-alive","content-type":"application/x-www-form-urlencoded","content-length":"105"} 
- Date : 2020-06-03T02:41:09.224Z  --  level : [32minfo[39m -- message : get All user with success 
- Date : 2020-06-03T02:41:13.305Z  --  level : [32minfo[39m -- message : {"authorization":"Bearer eyJhbGciOiJIUzI1NiIsInR5cCI6IkpXVCJ9.eyJlbWFpbCI6InRvdXJlNTAxQGdtYWlsLmgiLCJsb2dpbkRhdGUiOiIyMDIwLTA2LTAzVDAyOjMyOjQ1LjIyNloiLCJpYXQiOjE1OTExNTE1NjUsImV4cCI6MTU5MTIyMzU2NX0.8jUetrS0XqziGdLkJuL_PA0EAurSJhTWDKHPlGaKgr4","user-agent":"PostmanRuntime/7.25.0","accept":"*/*","cache-control":"no-cache","postman-token":"0c3b51e4-4359-460a-b81a-465faae53086","host":"localhost:8080","accept-encoding":"gzip, deflate, br","connection":"keep-alive","content-type":"application/x-www-form-urlencoded","content-length":"105"} 
- Date : 2020-06-03T02:41:13.735Z  --  level : [32minfo[39m -- message : get All user with success 
- Date : 2020-06-03T02:41:45.716Z  --  level : [32minfo[39m -- message : Application démarré sur localhost:8080 
- Date : 2020-06-03T02:41:46.925Z  --  level : [32minfo[39m -- message : {"authorization":"Bearer eyJhbGciOiJIUzI1NiIsInR5cCI6IkpXVCJ9.eyJlbWFpbCI6InRvdXJlNTAxQGdtYWlsLmgiLCJsb2dpbkRhdGUiOiIyMDIwLTA2LTAzVDAyOjMyOjQ1LjIyNloiLCJpYXQiOjE1OTExNTE1NjUsImV4cCI6MTU5MTIyMzU2NX0.8jUetrS0XqziGdLkJuL_PA0EAurSJhTWDKHPlGaKgr4","user-agent":"PostmanRuntime/7.25.0","accept":"*/*","cache-control":"no-cache","postman-token":"74c6f98f-5e88-4a1f-b35c-6c69695bd7b8","host":"localhost:8080","accept-encoding":"gzip, deflate, br","connection":"keep-alive","content-type":"application/x-www-form-urlencoded","content-length":"105"} 
- Date : 2020-06-03T02:41:49.143Z  --  level : [32minfo[39m -- message : get All user with success 
- Date : 2020-06-03T02:42:01.256Z  --  level : [32minfo[39m -- message : {"authorization":"Bearer eyJhbGciOiJIUzI1NiIsInR5cCI6IkpXVCJ9.eyJlbWFpbCI6InRvdXJlNTAxQGdtYWlsLmgiLCJsb2dpbkRhdGUiOiIyMDIwLTA2LTAzVDAyOjMyOjQ1LjIyNloiLCJpYXQiOjE1OTExNTE1NjUsImV4cCI6MTU5MTIyMzU2NX0.8jUetrS0XqziGdLkJuL_PA0EAurSJhTWDKHPlGaKgr4","user-agent":"PostmanRuntime/7.25.0","accept":"*/*","cache-control":"no-cache","postman-token":"66f2b06a-70bf-49ca-8f80-9a62c9009957","host":"localhost:8080","accept-encoding":"gzip, deflate, br","connection":"keep-alive","content-type":"application/x-www-form-urlencoded","content-length":"105"} 
- Date : 2020-06-03T02:42:01.702Z  --  level : [32minfo[39m -- message : get All user with success 
- Date : 2020-06-03T02:42:19.885Z  --  level : [32minfo[39m -- message : {"authorization":"Bearer eyJhbGciOiJIUzI1NiIsInR5cCI6IkpXVCJ9.eyJlbWFpbCI6InRvdXJlNTAxQGdtYWlsLmgiLCJsb2dpbkRhdGUiOiIyMDIwLTA2LTAzVDAyOjMyOjQ1LjIyNloiLCJpYXQiOjE1OTExNTE1NjUsImV4cCI6MTU5MTIyMzU2NX0.8jUetrS0XqziGdLkJuL_PA0EAurSJhTWDKHPlGaKgr4","user-agent":"PostmanRuntime/7.25.0","accept":"*/*","cache-control":"no-cache","postman-token":"75f952d5-0d2a-4d29-9793-506969905df0","host":"localhost:8080","accept-encoding":"gzip, deflate, br","connection":"keep-alive","content-type":"application/x-www-form-urlencoded","content-length":"105"} 
- Date : 2020-06-03T02:42:20.311Z  --  level : [32minfo[39m -- message : get All user with success 
- Date : 2020-06-03T02:43:15.410Z  --  level : [32minfo[39m -- message : {"authorization":"Bearer eyJhbGciOiJIUzI1NiIsInR5cCI6IkpXVCJ9.eyJlbWFpbCI6InRvdXJlNTAxQGdtYWlsLmgiLCJsb2dpbkRhdGUiOiIyMDIwLTA2LTAzVDAyOjMyOjQ1LjIyNloiLCJpYXQiOjE1OTExNTE1NjUsImV4cCI6MTU5MTIyMzU2NX0.8jUetrS0XqziGdLkJuL_PA0EAurSJhTWDKHPlGaKgr4","user-agent":"PostmanRuntime/7.25.0","accept":"*/*","cache-control":"no-cache","postman-token":"4fdcb6b2-f8b7-428c-ba15-b132dfa23efb","host":"localhost:8080","accept-encoding":"gzip, deflate, br","connection":"keep-alive","content-type":"application/x-www-form-urlencoded","content-length":"105"} 
- Date : 2020-06-03T02:43:17.331Z  --  level : [32minfo[39m -- message : get All user with success 
- Date : 2020-06-03T02:44:46.354Z  --  level : [32minfo[39m -- message : {"accept":"application/json","user-agent":"PostmanRuntime/7.25.0","cache-control":"no-cache","postman-token":"d09036dc-2da5-4b0d-8053-dc845046c3e9","host":"localhost:8080","accept-encoding":"gzip, deflate, br","connection":"keep-alive","content-type":"application/x-www-form-urlencoded","content-length":"106"} 
- Date : 2020-06-03T02:44:46.357Z  --  level : [31merror[39m -- message : Error token invalid {} 
- Date : 2020-06-03T02:45:17.648Z  --  level : [32minfo[39m -- message : {"accept":"application/json","authorization":"eyJhbGciOiJIUzI1NiIsInR5cCI6IkpXVCJ9.eyJ1c2VybmFtZSI6InRvdXJlNTAxMzEiLCJsb2dpbkRhdGUiOiIyMDIwLTAzLTMwVDEzOjE1OjEyLjg5N1oiLCJpYXQiOjE1ODU1NzQxMTIsImV4cCI6MTU4NTY0NjExMn0.HwAhYZbxfcY5pU2tCG7ZUbiDY9zjUNazJ6FGEXQszV8","user-agent":"PostmanRuntime/7.25.0","cache-control":"no-cache","postman-token":"88eaafa0-4da1-41f8-99cc-3aad9aa4cea4","host":"localhost:8080","accept-encoding":"gzip, deflate, br","connection":"keep-alive","content-type":"application/x-www-form-urlencoded","content-length":"106"} 
- Date : 2020-06-03T02:45:41.291Z  --  level : [32minfo[39m -- message : {"accept":"application/json","authorization":"eyJhbGciOiJIUzI1NiIsInR5cCI6IkpXVCJ9.eyJlbWFpbCI6InRvdXJlNTAxQGdtYWlsLmgiLCJsb2dpbkRhdGUiOiIyMDIwLTA2LTAzVDAyOjQzOjQ1LjUwOFoiLCJpYXQiOjE1OTExNTIyMjUsImV4cCI6MTU5MTIyNDIyNX0.Kv5YI9tx-CDxQ9p-M-UM_9bf8KxIrZft3LxiQl4VifQ","user-agent":"PostmanRuntime/7.25.0","cache-control":"no-cache","postman-token":"ddfca224-c0af-4762-88a2-4a03cd749d53","host":"localhost:8080","accept-encoding":"gzip, deflate, br","connection":"keep-alive","content-type":"application/x-www-form-urlencoded","content-length":"106"} 
- Date : 2020-06-03T02:46:17.664Z  --  level : [32minfo[39m -- message : Application démarré sur localhost:8080 
- Date : 2020-06-03T02:46:19.191Z  --  level : [32minfo[39m -- message : {"accept":"application/json","authorization":"eyJhbGciOiJIUzI1NiIsInR5cCI6IkpXVCJ9.eyJlbWFpbCI6InRvdXJlNTAxQGdtYWlsLmgiLCJsb2dpbkRhdGUiOiIyMDIwLTA2LTAzVDAyOjQzOjQ1LjUwOFoiLCJpYXQiOjE1OTExNTIyMjUsImV4cCI6MTU5MTIyNDIyNX0.Kv5YI9tx-CDxQ9p-M-UM_9bf8KxIrZft3LxiQl4VifQ","user-agent":"PostmanRuntime/7.25.0","cache-control":"no-cache","postman-token":"a50122f6-cadd-470c-b3c4-acbd688c0398","host":"localhost:8080","accept-encoding":"gzip, deflate, br","connection":"keep-alive","content-type":"application/x-www-form-urlencoded","content-length":"106"} 
- Date : 2020-06-03T02:47:01.092Z  --  level : [32minfo[39m -- message : Application démarré sur localhost:8080 
- Date : 2020-06-03T02:47:04.906Z  --  level : [32minfo[39m -- message : Application démarré sur localhost:8080 
- Date : 2020-06-03T02:47:05.334Z  --  level : [32minfo[39m -- message : {"accept":"application/json","authorization":"eyJhbGciOiJIUzI1NiIsInR5cCI6IkpXVCJ9.eyJlbWFpbCI6InRvdXJlNTAxQGdtYWlsLmgiLCJsb2dpbkRhdGUiOiIyMDIwLTA2LTAzVDAyOjQzOjQ1LjUwOFoiLCJpYXQiOjE1OTExNTIyMjUsImV4cCI6MTU5MTIyNDIyNX0.Kv5YI9tx-CDxQ9p-M-UM_9bf8KxIrZft3LxiQl4VifQ","user-agent":"PostmanRuntime/7.25.0","cache-control":"no-cache","postman-token":"7cac99cb-5ed5-4205-a06e-e4da889b901e","host":"localhost:8080","accept-encoding":"gzip, deflate, br","connection":"keep-alive","content-type":"application/x-www-form-urlencoded","content-length":"106"} 
- Date : 2020-06-03T02:48:12.400Z  --  level : [32minfo[39m -- message : Application démarré sur localhost:8080 
- Date : 2020-06-03T02:48:17.891Z  --  level : [32minfo[39m -- message : {"accept":"application/json","authorization":"eyJhbGciOiJIUzI1NiIsInR5cCI6IkpXVCJ9.eyJlbWFpbCI6InRvdXJlNTAxQGdtYWlsLmgiLCJsb2dpbkRhdGUiOiIyMDIwLTA2LTAzVDAyOjQzOjQ1LjUwOFoiLCJpYXQiOjE1OTExNTIyMjUsImV4cCI6MTU5MTIyNDIyNX0.Kv5YI9tx-CDxQ9p-M-UM_9bf8KxIrZft3LxiQl4VifQ","user-agent":"PostmanRuntime/7.25.0","cache-control":"no-cache","postman-token":"46942751-45c4-4bd4-9fe1-6fc69248feb5","host":"localhost:8080","accept-encoding":"gzip, deflate, br","connection":"keep-alive","content-type":"application/x-www-form-urlencoded","content-length":"106"} 
- Date : 2020-06-03T02:51:38.890Z  --  level : [32minfo[39m -- message : Application démarré sur localhost:8080 
- Date : 2020-06-03T02:52:04.795Z  --  level : [32minfo[39m -- message : Application démarré sur localhost:8080 
- Date : 2020-06-03T02:52:06.583Z  --  level : [32minfo[39m -- message : {"accept":"application/json","authorization":"eyJhbGciOiJIUzI1NiIsInR5cCI6IkpXVCJ9.eyJlbWFpbCI6InRvdXJlNTAxQGdtYWlsLmgiLCJsb2dpbkRhdGUiOiIyMDIwLTA2LTAzVDAyOjQzOjQ1LjUwOFoiLCJpYXQiOjE1OTExNTIyMjUsImV4cCI6MTU5MTIyNDIyNX0.Kv5YI9tx-CDxQ9p-M-UM_9bf8KxIrZft3LxiQl4VifQ","user-agent":"PostmanRuntime/7.25.0","cache-control":"no-cache","postman-token":"656da6fa-94a5-4f68-bcf3-2e18be8e13da","host":"localhost:8080","accept-encoding":"gzip, deflate, br","connection":"keep-alive","content-type":"application/x-www-form-urlencoded","content-length":"106"} 
- Date : 2020-06-03T02:52:49.921Z  --  level : [32minfo[39m -- message : Application démarré sur localhost:8080 
- Date : 2020-06-03T02:52:51.410Z  --  level : [32minfo[39m -- message : {"accept":"application/json","authorization":"eyJhbGciOiJIUzI1NiIsInR5cCI6IkpXVCJ9.eyJlbWFpbCI6InRvdXJlNTAxQGdtYWlsLmgiLCJsb2dpbkRhdGUiOiIyMDIwLTA2LTAzVDAyOjQzOjQ1LjUwOFoiLCJpYXQiOjE1OTExNTIyMjUsImV4cCI6MTU5MTIyNDIyNX0.Kv5YI9tx-CDxQ9p-M-UM_9bf8KxIrZft3LxiQl4VifQ","user-agent":"PostmanRuntime/7.25.0","cache-control":"no-cache","postman-token":"99544925-4b26-40c5-a647-6d3ed5caa84a","host":"localhost:8080","accept-encoding":"gzip, deflate, br","connection":"keep-alive","content-type":"application/x-www-form-urlencoded","content-length":"106"} 
- Date : 2020-06-03T02:53:05.093Z  --  level : [32minfo[39m -- message : Application démarré sur localhost:8080 
- Date : 2020-06-03T02:53:43.757Z  --  level : [32minfo[39m -- message : {"accept":"application/json","authorization":"eyJhbGciOiJIUzI1NiIsInR5cCI6IkpXVCJ9.eyJlbWFpbCI6InRvdXJlNTAxQGdtYWlsLmgiLCJsb2dpbkRhdGUiOiIyMDIwLTA2LTAzVDAyOjQzOjQ1LjUwOFoiLCJpYXQiOjE1OTExNTIyMjUsImV4cCI6MTU5MTIyNDIyNX0.Kv5YI9tx-CDxQ9p-M-UM_9bf8KxIrZft3LxiQl4VifQ","user-agent":"PostmanRuntime/7.25.0","cache-control":"no-cache","postman-token":"045f3019-ba3c-4820-a7e8-d206ba5c0b59","host":"localhost:8080","accept-encoding":"gzip, deflate, br","connection":"keep-alive","content-type":"application/x-www-form-urlencoded","content-length":"106"} 
- Date : 2020-06-03T12:49:03.133Z  --  level : [32minfo[39m -- message : Application démarré sur localhost:8080 
- Date : 2020-06-03T12:58:39.158Z  --  level : [32minfo[39m -- message : Application démarré sur localhost:8080 
- Date : 2020-06-03T13:03:50.387Z  --  level : [32minfo[39m -- message : Application démarré sur localhost:8080 
- Date : 2020-06-03T13:08:12.291Z  --  level : [32minfo[39m -- message : Application démarré sur localhost:8080 
- Date : 2020-06-03T13:14:01.136Z  --  level : [32minfo[39m -- message : Application démarré sur localhost:8080 
- Date : 2020-06-03T13:15:31.441Z  --  level : [32minfo[39m -- message : Application démarré sur localhost:8080 
- Date : 2020-06-03T13:21:47.263Z  --  level : [32minfo[39m -- message : Application démarré sur localhost:8080 
