- Date : 2020-06-03T21:30:01.558Z  --  level : [32minfo[39m -- message : Application démarré sur localhost:8080 
- Date : 2020-06-03T21:30:05.203Z  --  level : [32minfo[39m -- message : Application démarré sur localhost:8080 
- Date : 2020-06-03T21:30:18.659Z  --  level : [32minfo[39m -- message : Application démarré sur localhost:8080 
- Date : 2020-06-03T21:30:59.884Z  --  level : [32minfo[39m -- message : Application démarré sur localhost:8080 
- Date : 2020-06-03T21:31:36.583Z  --  level : [32minfo[39m -- message : Application démarré sur localhost:8080 
- Date : 2020-06-03T21:31:50.980Z  --  level : [32minfo[39m -- message : Application démarré sur localhost:8080 
- Date : 2020-06-03T21:32:30.128Z  --  level : [32minfo[39m -- message : Application démarré sur localhost:8080 
- Date : 2020-06-03T21:32:48.416Z  --  level : [32minfo[39m -- message : Application démarré sur localhost:8080 
- Date : 2020-06-03T21:32:52.263Z  --  level : [32minfo[39m -- message : Application démarré sur localhost:8080 
- Date : 2020-06-03T21:32:57.657Z  --  level : [32minfo[39m -- message : Application démarré sur localhost:8080 
- Date : 2020-06-03T21:33:02.417Z  --  level : [32minfo[39m -- message : Application démarré sur localhost:8080 
- Date : 2020-06-03T21:33:05.501Z  --  level : [32minfo[39m -- message : Application démarré sur localhost:8080 
- Date : 2020-06-03T21:33:19.600Z  --  level : [32minfo[39m -- message : Application démarré sur localhost:8080 
- Date : 2020-06-03T21:33:41.397Z  --  level : [32minfo[39m -- message : Application démarré sur localhost:8080 
- Date : 2020-06-03T21:33:48.479Z  --  level : [32minfo[39m -- message : Application démarré sur localhost:8080 
- Date : 2020-06-03T21:33:53.117Z  --  level : [32minfo[39m -- message : Application démarré sur localhost:8080 
- Date : 2020-06-03T21:33:56.424Z  --  level : [32minfo[39m -- message : Application démarré sur localhost:8080 
- Date : 2020-06-03T21:34:08.033Z  --  level : [32minfo[39m -- message : Application démarré sur localhost:8080 
- Date : 2020-06-03T21:34:14.077Z  --  level : [32minfo[39m -- message : Application démarré sur localhost:8080 
- Date : 2020-06-03T21:34:21.080Z  --  level : [32minfo[39m -- message : Application démarré sur localhost:8080 
- Date : 2020-06-03T21:34:26.030Z  --  level : [32minfo[39m -- message : Application démarré sur localhost:8080 
- Date : 2020-06-03T21:34:44.095Z  --  level : [32minfo[39m -- message : Application démarré sur localhost:8080 
- Date : 2020-06-03T21:34:52.035Z  --  level : [32minfo[39m -- message : Application démarré sur localhost:8080 
- Date : 2020-06-03T21:36:21.928Z  --  level : [32minfo[39m -- message : Application démarré sur localhost:8080 
- Date : 2020-06-03T21:36:30.808Z  --  level : [32minfo[39m -- message : Application démarré sur localhost:8080 
- Date : 2020-06-03T21:36:38.401Z  --  level : [32minfo[39m -- message : Application démarré sur localhost:8080 
- Date : 2020-06-03T21:37:05.125Z  --  level : [32minfo[39m -- message : Application démarré sur localhost:8080 
- Date : 2020-06-03T21:37:15.937Z  --  level : [32minfo[39m -- message : Application démarré sur localhost:8080 
- Date : 2020-06-03T21:37:40.468Z  --  level : [32minfo[39m -- message : Application démarré sur localhost:8080 
- Date : 2020-06-03T21:40:03.932Z  --  level : [32minfo[39m -- message : Application démarré sur localhost:8080 
- Date : 2020-06-03T21:40:57.002Z  --  level : [32minfo[39m -- message : Application démarré sur localhost:8080 
- Date : 2020-06-03T21:41:07.727Z  --  level : [32minfo[39m -- message : Application démarré sur localhost:8080 
- Date : 2020-06-03T21:41:18.364Z  --  level : [32minfo[39m -- message : Application démarré sur localhost:8080 
- Date : 2020-06-03T21:41:37.819Z  --  level : [32minfo[39m -- message : Application démarré sur localhost:8080 
- Date : 2020-06-03T21:41:42.587Z  --  level : [32minfo[39m -- message : Application démarré sur localhost:8080 
- Date : 2020-06-03T21:42:10.009Z  --  level : [32minfo[39m -- message : Application démarré sur localhost:8080 
- Date : 2020-06-03T21:42:21.481Z  --  level : [32minfo[39m -- message : Application démarré sur localhost:8080 
- Date : 2020-06-03T21:42:39.446Z  --  level : [32minfo[39m -- message : Application démarré sur localhost:8080 
- Date : 2020-06-03T21:43:30.574Z  --  level : [32minfo[39m -- message : Application démarré sur localhost:8080 
- Date : 2020-06-03T21:43:56.872Z  --  level : [32minfo[39m -- message : Application démarré sur localhost:8080 
- Date : 2020-06-03T21:44:02.477Z  --  level : [32minfo[39m -- message : Application démarré sur localhost:8080 
- Date : 2020-06-03T21:44:05.096Z  --  level : [32minfo[39m -- message : Application démarré sur localhost:8080 
- Date : 2020-06-03T21:44:11.067Z  --  level : [32minfo[39m -- message : Application démarré sur localhost:8080 
- Date : 2020-06-03T21:44:28.071Z  --  level : [32minfo[39m -- message : Application démarré sur localhost:8080 
- Date : 2020-06-03T21:44:43.705Z  --  level : [32minfo[39m -- message : Application démarré sur localhost:8080 
- Date : 2020-06-03T21:45:02.611Z  --  level : [32minfo[39m -- message : Application démarré sur localhost:8080 
- Date : 2020-06-03T21:45:15.690Z  --  level : [32minfo[39m -- message : Application démarré sur localhost:8080 
- Date : 2020-06-03T21:45:23.755Z  --  level : [32minfo[39m -- message : Application démarré sur localhost:8080 
- Date : 2020-06-03T21:45:41.962Z  --  level : [32minfo[39m -- message : Application démarré sur localhost:8080 
- Date : 2020-06-03T21:45:44.699Z  --  level : [32minfo[39m -- message : Application démarré sur localhost:8080 
- Date : 2020-06-03T21:45:50.240Z  --  level : [32minfo[39m -- message : Application démarré sur localhost:8080 
- Date : 2020-06-03T21:45:59.620Z  --  level : [32minfo[39m -- message : Application démarré sur localhost:8080 
- Date : 2020-06-03T21:46:33.342Z  --  level : [32minfo[39m -- message : Application démarré sur localhost:8080 
- Date : 2020-06-03T21:46:38.938Z  --  level : [32minfo[39m -- message : Application démarré sur localhost:8080 
- Date : 2020-06-03T21:46:45.679Z  --  level : [32minfo[39m -- message : Application démarré sur localhost:8080 
- Date : 2020-06-03T21:47:08.712Z  --  level : [32minfo[39m -- message : Application démarré sur localhost:8080 
- Date : 2020-06-03T21:47:12.306Z  --  level : [32minfo[39m -- message : Application démarré sur localhost:8080 
- Date : 2020-06-03T21:47:33.903Z  --  level : [32minfo[39m -- message : Application démarré sur localhost:8080 
- Date : 2020-06-03T21:47:52.260Z  --  level : [32minfo[39m -- message : Application démarré sur localhost:8080 
- Date : 2020-06-03T21:48:04.061Z  --  level : [32minfo[39m -- message : Application démarré sur localhost:8080 
- Date : 2020-06-03T21:48:09.119Z  --  level : [32minfo[39m -- message : Application démarré sur localhost:8080 
- Date : 2020-06-03T21:48:26.575Z  --  level : [32minfo[39m -- message : Application démarré sur localhost:8080 
- Date : 2020-06-03T21:48:39.881Z  --  level : [32minfo[39m -- message : Application démarré sur localhost:8080 
- Date : 2020-06-03T21:49:01.325Z  --  level : [32minfo[39m -- message : Application démarré sur localhost:8080 
- Date : 2020-06-03T21:49:27.790Z  --  level : [32minfo[39m -- message : Application démarré sur localhost:8080 
- Date : 2020-06-03T21:49:56.340Z  --  level : [32minfo[39m -- message : Application démarré sur localhost:8080 
- Date : 2020-06-03T21:50:07.534Z  --  level : [32minfo[39m -- message : Application démarré sur localhost:8080 
- Date : 2020-06-03T21:50:27.252Z  --  level : [32minfo[39m -- message : Application démarré sur localhost:8080 
- Date : 2020-06-03T21:50:34.804Z  --  level : [32minfo[39m -- message : Application démarré sur localhost:8080 
- Date : 2020-06-03T21:51:12.445Z  --  level : [32minfo[39m -- message : Application démarré sur localhost:8080 
- Date : 2020-06-03T21:51:37.475Z  --  level : [32minfo[39m -- message : Application démarré sur localhost:8080 
- Date : 2020-06-03T21:51:44.152Z  --  level : [32minfo[39m -- message : Application démarré sur localhost:8080 
- Date : 2020-06-03T21:52:49.194Z  --  level : [32minfo[39m -- message : Application démarré sur localhost:8080 
- Date : 2020-06-03T21:53:36.813Z  --  level : [32minfo[39m -- message : Application démarré sur localhost:8080 
- Date : 2020-06-03T21:53:48.995Z  --  level : [32minfo[39m -- message : Application démarré sur localhost:8080 
- Date : 2020-06-03T21:54:10.027Z  --  level : [32minfo[39m -- message : Application démarré sur localhost:8080 
- Date : 2020-06-03T21:54:32.433Z  --  level : [32minfo[39m -- message : Application démarré sur localhost:8080 
- Date : 2020-06-03T21:54:55.661Z  --  level : [32minfo[39m -- message : Application démarré sur localhost:8080 
- Date : 2020-06-03T21:55:00.818Z  --  level : [32minfo[39m -- message : Application démarré sur localhost:8080 
- Date : 2020-06-03T21:56:03.323Z  --  level : [32minfo[39m -- message : Application démarré sur localhost:8080 
- Date : 2020-06-03T21:56:05.765Z  --  level : [32minfo[39m -- message : Application démarré sur localhost:8080 
- Date : 2020-06-03T21:56:15.846Z  --  level : [32minfo[39m -- message : Application démarré sur localhost:8080 
- Date : 2020-06-03T21:56:22.840Z  --  level : [32minfo[39m -- message : Application démarré sur localhost:8080 
- Date : 2020-06-03T21:56:34.965Z  --  level : [32minfo[39m -- message : Application démarré sur localhost:8080 
- Date : 2020-06-03T21:56:56.405Z  --  level : [32minfo[39m -- message : Application démarré sur localhost:8080 
- Date : 2020-06-03T21:57:12.559Z  --  level : [32minfo[39m -- message : Application démarré sur localhost:8080 
- Date : 2020-06-03T22:00:24.248Z  --  level : [32minfo[39m -- message : Application démarré sur localhost:8080 
- Date : 2020-06-03T22:01:43.746Z  --  level : [32minfo[39m -- message : {"authorization":"Bearer eyJhbGciOiJIUzI1NiIsInR5cCI6IkpXVCJ9.eyJlbWFpbCI6InRvdXJlNTAxQGdtYWlsLmgiLCJsb2dpbkRhdGUiOiIyMDIwLTA2LTAzVDAyOjMyOjQ1LjIyNloiLCJpYXQiOjE1OTExNTE1NjUsImV4cCI6MTU5MTIyMzU2NX0.8jUetrS0XqziGdLkJuL_PA0EAurSJhTWDKHPlGaKgr4","user-agent":"PostmanRuntime/7.25.0","accept":"*/*","cache-control":"no-cache","postman-token":"c61faf63-95bf-42db-9bb3-dd6a598b9b1e","host":"localhost:8080","accept-encoding":"gzip, deflate, br","connection":"keep-alive","content-type":"application/x-www-form-urlencoded","content-length":"75"} 
- Date : 2020-06-03T22:03:26.473Z  --  level : [32minfo[39m -- message : Application démarré sur localhost:8080 
- Date : 2020-06-03T22:03:57.230Z  --  level : [32minfo[39m -- message : Application démarré sur localhost:8080 
- Date : 2020-06-03T22:04:05.452Z  --  level : [32minfo[39m -- message : Application démarré sur localhost:8080 
- Date : 2020-06-03T22:04:17.716Z  --  level : [32minfo[39m -- message : {"authorization":"Bearer eyJhbGciOiJIUzI1NiIsInR5cCI6IkpXVCJ9.eyJlbWFpbCI6InRvdXJlNTAxQGdtYWlsLmgiLCJsb2dpbkRhdGUiOiIyMDIwLTA2LTAzVDAyOjMyOjQ1LjIyNloiLCJpYXQiOjE1OTExNTE1NjUsImV4cCI6MTU5MTIyMzU2NX0.8jUetrS0XqziGdLkJuL_PA0EAurSJhTWDKHPlGaKgr4","user-agent":"PostmanRuntime/7.25.0","accept":"*/*","cache-control":"no-cache","postman-token":"a32ece7e-bfb4-41e3-a17e-33f7ef1a0c3b","host":"localhost:8080","accept-encoding":"gzip, deflate, br","connection":"keep-alive","content-type":"application/x-www-form-urlencoded","content-length":"217"} 
- Date : 2020-06-03T22:04:59.668Z  --  level : [32minfo[39m -- message : Application démarré sur localhost:8080 
- Date : 2020-06-03T22:08:45.107Z  --  level : [32minfo[39m -- message : Application démarré sur localhost:8080 
- Date : 2020-06-03T22:09:00.129Z  --  level : [32minfo[39m -- message : Application démarré sur localhost:8080 
- Date : 2020-06-03T22:09:17.584Z  --  level : [32minfo[39m -- message : Application démarré sur localhost:8080 
- Date : 2020-06-03T22:10:52.857Z  --  level : [32minfo[39m -- message : Application démarré sur localhost:8080 
- Date : 2020-06-03T22:10:59.191Z  --  level : [32minfo[39m -- message : {"authorization":"Bearer eyJhbGciOiJIUzI1NiIsInR5cCI6IkpXVCJ9.eyJlbWFpbCI6InRvdXJlNTAxQGdtYWlsLmgiLCJsb2dpbkRhdGUiOiIyMDIwLTA2LTAzVDAyOjMyOjQ1LjIyNloiLCJpYXQiOjE1OTExNTE1NjUsImV4cCI6MTU5MTIyMzU2NX0.8jUetrS0XqziGdLkJuL_PA0EAurSJhTWDKHPlGaKgr4","user-agent":"PostmanRuntime/7.25.0","accept":"*/*","cache-control":"no-cache","postman-token":"6ca24b65-2080-4b2d-a191-00bbaa3e771d","host":"localhost:8080","accept-encoding":"gzip, deflate, br","connection":"keep-alive","content-type":"application/x-www-form-urlencoded","content-length":"129"} 
- Date : 2020-06-03T22:13:33.391Z  --  level : [32minfo[39m -- message : Application démarré sur localhost:8080 
- Date : 2020-06-03T22:13:33.831Z  --  level : [32minfo[39m -- message : {"authorization":"Bearer eyJhbGciOiJIUzI1NiIsInR5cCI6IkpXVCJ9.eyJlbWFpbCI6InRvdXJlNTAxQGdtYWlsLmgiLCJsb2dpbkRhdGUiOiIyMDIwLTA2LTAzVDAyOjMyOjQ1LjIyNloiLCJpYXQiOjE1OTExNTE1NjUsImV4cCI6MTU5MTIyMzU2NX0.8jUetrS0XqziGdLkJuL_PA0EAurSJhTWDKHPlGaKgr4","user-agent":"PostmanRuntime/7.25.0","accept":"*/*","cache-control":"no-cache","postman-token":"8531bf1f-79a8-40ad-8df5-78fb1f6582d4","host":"localhost:8080","accept-encoding":"gzip, deflate, br","connection":"keep-alive","content-type":"application/x-www-form-urlencoded","content-length":"129"} 
- Date : 2020-06-03T22:13:36.933Z  --  level : [32minfo[39m -- message : get All disease with success 
- Date : 2020-06-03T22:14:50.409Z  --  level : [32minfo[39m -- message : {"authorization":"Bearer eyJhbGciOiJIUzI1NiIsInR5cCI6IkpXVCJ9.eyJlbWFpbCI6InRvdXJlNTAxQGdtYWlsLmgiLCJsb2dpbkRhdGUiOiIyMDIwLTA2LTAzVDAyOjMyOjQ1LjIyNloiLCJpYXQiOjE1OTExNTE1NjUsImV4cCI6MTU5MTIyMzU2NX0.8jUetrS0XqziGdLkJuL_PA0EAurSJhTWDKHPlGaKgr4","user-agent":"PostmanRuntime/7.25.0","accept":"*/*","cache-control":"no-cache","postman-token":"eb2a5dfb-887e-429d-8e6d-8d99ae917c09","host":"localhost:8080","accept-encoding":"gzip, deflate, br","connection":"keep-alive","content-type":"application/x-www-form-urlencoded","content-length":"129"} 
- Date : 2020-06-03T22:14:52.410Z  --  level : [31merror[39m -- message : ---------------WHEN  GET ONE USER ONE DISEASE BY ID --------------- 
- Date : 2020-06-03T22:15:46.552Z  --  level : [32minfo[39m -- message : Application démarré sur localhost:8080 
- Date : 2020-06-03T22:15:51.754Z  --  level : [32minfo[39m -- message : Application démarré sur localhost:8080 
- Date : 2020-06-03T22:15:52.234Z  --  level : [32minfo[39m -- message : {"authorization":"Bearer eyJhbGciOiJIUzI1NiIsInR5cCI6IkpXVCJ9.eyJlbWFpbCI6InRvdXJlNTAxQGdtYWlsLmgiLCJsb2dpbkRhdGUiOiIyMDIwLTA2LTAzVDAyOjMyOjQ1LjIyNloiLCJpYXQiOjE1OTExNTE1NjUsImV4cCI6MTU5MTIyMzU2NX0.8jUetrS0XqziGdLkJuL_PA0EAurSJhTWDKHPlGaKgr4","user-agent":"PostmanRuntime/7.25.0","accept":"*/*","cache-control":"no-cache","postman-token":"babe0603-f651-4d6c-9d1f-fb45c7572ea9","host":"localhost:8080","accept-encoding":"gzip, deflate, br","connection":"keep-alive","content-type":"application/x-www-form-urlencoded","content-length":"129"} 
- Date : 2020-06-03T22:15:55.069Z  --  level : [31merror[39m -- message : ---------------WHEN  GET ONE USER ONE DISEASE BY ID --------------- 
- Date : 2020-06-03T22:15:55.072Z  --  level : [31merror[39m -- message : ReferenceError: diseaseId is not defined 
- Date : 2020-06-03T22:16:34.829Z  --  level : [32minfo[39m -- message : Application démarré sur localhost:8080 
- Date : 2020-06-03T22:16:35.597Z  --  level : [32minfo[39m -- message : {"authorization":"Bearer eyJhbGciOiJIUzI1NiIsInR5cCI6IkpXVCJ9.eyJlbWFpbCI6InRvdXJlNTAxQGdtYWlsLmgiLCJsb2dpbkRhdGUiOiIyMDIwLTA2LTAzVDAyOjMyOjQ1LjIyNloiLCJpYXQiOjE1OTExNTE1NjUsImV4cCI6MTU5MTIyMzU2NX0.8jUetrS0XqziGdLkJuL_PA0EAurSJhTWDKHPlGaKgr4","user-agent":"PostmanRuntime/7.25.0","accept":"*/*","cache-control":"no-cache","postman-token":"cf2ec97f-42a3-42d4-bf47-6345231f0022","host":"localhost:8080","accept-encoding":"gzip, deflate, br","connection":"keep-alive","content-type":"application/x-www-form-urlencoded","content-length":"129"} 
- Date : 2020-06-03T22:16:37.911Z  --  level : [32minfo[39m -- message : get disease disease test 
- Date : 2020-06-03T22:17:07.641Z  --  level : [32minfo[39m -- message : Application démarré sur localhost:8080 
- Date : 2020-06-03T22:19:19.131Z  --  level : [32minfo[39m -- message : {"authorization":"Bearer eyJhbGciOiJIUzI1NiIsInR5cCI6IkpXVCJ9.eyJlbWFpbCI6InRvdXJlNTAxQGdtYWlsLmgiLCJsb2dpbkRhdGUiOiIyMDIwLTA2LTAzVDAyOjMyOjQ1LjIyNloiLCJpYXQiOjE1OTExNTE1NjUsImV4cCI6MTU5MTIyMzU2NX0.8jUetrS0XqziGdLkJuL_PA0EAurSJhTWDKHPlGaKgr4","user-agent":"PostmanRuntime/7.25.0","accept":"*/*","cache-control":"no-cache","postman-token":"6b7aadf2-5d8b-4948-a6d5-781a2cb21a76","host":"localhost:8080","accept-encoding":"gzip, deflate, br","connection":"keep-alive"} 
- Date : 2020-06-03T22:19:20.922Z  --  level : [32minfo[39m -- message : get disease disease test 
- Date : 2020-06-03T22:20:00.220Z  --  level : [32minfo[39m -- message : Application démarré sur localhost:8080 
- Date : 2020-06-03T22:20:12.222Z  --  level : [32minfo[39m -- message : Application démarré sur localhost:8080 
- Date : 2020-06-03T22:21:05.493Z  --  level : [32minfo[39m -- message : Application démarré sur localhost:8080 
- Date : 2020-06-03T22:22:20.866Z  --  level : [32minfo[39m -- message : Application démarré sur localhost:8080 
- Date : 2020-06-03T22:22:36.140Z  --  level : [32minfo[39m -- message : Application démarré sur localhost:8080 
- Date : 2020-06-03T22:23:02.949Z  --  level : [32minfo[39m -- message : Application démarré sur localhost:8080 
- Date : 2020-06-03T22:23:29.249Z  --  level : [32minfo[39m -- message : Application démarré sur localhost:8080 
- Date : 2020-06-03T22:23:52.878Z  --  level : [32minfo[39m -- message : Application démarré sur localhost:8080 
- Date : 2020-06-03T22:23:57.275Z  --  level : [32minfo[39m -- message : {"authorization":"Bearer eyJhbGciOiJIUzI1NiIsInR5cCI6IkpXVCJ9.eyJlbWFpbCI6InRvdXJlNTAxQGdtYWlsLmgiLCJsb2dpbkRhdGUiOiIyMDIwLTA2LTAzVDAyOjMyOjQ1LjIyNloiLCJpYXQiOjE1OTExNTE1NjUsImV4cCI6MTU5MTIyMzU2NX0.8jUetrS0XqziGdLkJuL_PA0EAurSJhTWDKHPlGaKgr4","user-agent":"PostmanRuntime/7.25.0","accept":"*/*","cache-control":"no-cache","postman-token":"17676304-f896-4e89-945e-017a102ed2a9","host":"localhost:8080","accept-encoding":"gzip, deflate, br","connection":"keep-alive"} 
- Date : 2020-06-03T22:23:58.966Z  --  level : [32minfo[39m -- message : get disease disease test 
- Date : 2020-06-03T22:25:01.976Z  --  level : [32minfo[39m -- message : {"authorization":"Bearer eyJhbGciOiJIUzI1NiIsInR5cCI6IkpXVCJ9.eyJlbWFpbCI6InRvdXJlNTAxQGdtYWlsLmgiLCJsb2dpbkRhdGUiOiIyMDIwLTA2LTAzVDAyOjMyOjQ1LjIyNloiLCJpYXQiOjE1OTExNTE1NjUsImV4cCI6MTU5MTIyMzU2NX0.8jUetrS0XqziGdLkJuL_PA0EAurSJhTWDKHPlGaKgr4","user-agent":"PostmanRuntime/7.25.0","accept":"*/*","cache-control":"no-cache","postman-token":"50db181a-cfdd-4c7f-ba69-eb5a842aa342","host":"localhost:8080","accept-encoding":"gzip, deflate, br","connection":"keep-alive"} 
- Date : 2020-06-03T22:25:03.734Z  --  level : [32minfo[39m -- message : get disease 5ed81ff4c2770c3dccaabb1f 
- Date : 2020-06-03T22:25:35.611Z  --  level : [32minfo[39m -- message : {"authorization":"Bearer eyJhbGciOiJIUzI1NiIsInR5cCI6IkpXVCJ9.eyJlbWFpbCI6InRvdXJlNTAxQGdtYWlsLmgiLCJsb2dpbkRhdGUiOiIyMDIwLTA2LTAzVDAyOjMyOjQ1LjIyNloiLCJpYXQiOjE1OTExNTE1NjUsImV4cCI6MTU5MTIyMzU2NX0.8jUetrS0XqziGdLkJuL_PA0EAurSJhTWDKHPlGaKgr4","user-agent":"PostmanRuntime/7.25.0","accept":"*/*","cache-control":"no-cache","postman-token":"86d0659e-ffd5-4672-8564-0c419e48dfdf","host":"localhost:8080","accept-encoding":"gzip, deflate, br","connection":"keep-alive"} 
- Date : 2020-06-03T22:25:35.855Z  --  level : [32minfo[39m -- message : get disease dease test 
- Date : 2020-06-03T22:29:18.819Z  --  level : [32minfo[39m -- message : Application démarré sur localhost:8080 
- Date : 2020-06-03T22:29:25.525Z  --  level : [32minfo[39m -- message : Application démarré sur localhost:8080 
- Date : 2020-06-03T22:29:35.618Z  --  level : [32minfo[39m -- message : Application démarré sur localhost:8080 
- Date : 2020-06-03T22:30:00.737Z  --  level : [32minfo[39m -- message : Application démarré sur localhost:8080 
- Date : 2020-06-03T22:30:38.816Z  --  level : [32minfo[39m -- message : Application démarré sur localhost:8080 
- Date : 2020-06-03T22:31:43.823Z  --  level : [32minfo[39m -- message : Application démarré sur localhost:8080 
- Date : 2020-06-03T22:32:02.488Z  --  level : [32minfo[39m -- message : Application démarré sur localhost:8080 
- Date : 2020-06-03T22:32:11.247Z  --  level : [32minfo[39m -- message : Application démarré sur localhost:8080 
- Date : 2020-06-03T22:32:21.801Z  --  level : [32minfo[39m -- message : Application démarré sur localhost:8080 
- Date : 2020-06-03T22:32:28.871Z  --  level : [32minfo[39m -- message : Application démarré sur localhost:8080 
- Date : 2020-06-03T22:35:14.833Z  --  level : [32minfo[39m -- message : Application démarré sur localhost:8080 
- Date : 2020-06-03T22:35:15.138Z  --  level : [32minfo[39m -- message : {"authorization":"Bearer eyJhbGciOiJIUzI1NiIsInR5cCI6IkpXVCJ9.eyJlbWFpbCI6InRvdXJlNTAxQGdtYWlsLmgiLCJsb2dpbkRhdGUiOiIyMDIwLTA2LTAzVDAyOjMyOjQ1LjIyNloiLCJpYXQiOjE1OTExNTE1NjUsImV4cCI6MTU5MTIyMzU2NX0.8jUetrS0XqziGdLkJuL_PA0EAurSJhTWDKHPlGaKgr4","user-agent":"PostmanRuntime/7.25.0","accept":"*/*","cache-control":"no-cache","postman-token":"7b062e03-7e2d-4e73-8924-0d8517aec3a3","host":"localhost:8080","accept-encoding":"gzip, deflate, br","connection":"keep-alive"} 
- Date : 2020-06-03T22:35:24.727Z  --  level : [32minfo[39m -- message : {"authorization":"Bearer eyJhbGciOiJIUzI1NiIsInR5cCI6IkpXVCJ9.eyJlbWFpbCI6InRvdXJlNTAxQGdtYWlsLmgiLCJsb2dpbkRhdGUiOiIyMDIwLTA2LTAzVDAyOjMyOjQ1LjIyNloiLCJpYXQiOjE1OTExNTE1NjUsImV4cCI6MTU5MTIyMzU2NX0.8jUetrS0XqziGdLkJuL_PA0EAurSJhTWDKHPlGaKgr4","user-agent":"PostmanRuntime/7.25.0","accept":"*/*","cache-control":"no-cache","postman-token":"73b9aaaf-4913-4cd5-8e26-b09d0657543b","host":"localhost:8080","accept-encoding":"gzip, deflate, br","connection":"keep-alive"} 
- Date : 2020-06-03T22:36:34.577Z  --  level : [32minfo[39m -- message : {"authorization":"Bearer eyJhbGciOiJIUzI1NiIsInR5cCI6IkpXVCJ9.eyJlbWFpbCI6InRvdXJlNTAxQGdtYWlsLmgiLCJsb2dpbkRhdGUiOiIyMDIwLTA2LTAzVDAyOjMyOjQ1LjIyNloiLCJpYXQiOjE1OTExNTE1NjUsImV4cCI6MTU5MTIyMzU2NX0.8jUetrS0XqziGdLkJuL_PA0EAurSJhTWDKHPlGaKgr4","user-agent":"PostmanRuntime/7.25.0","accept":"*/*","cache-control":"no-cache","postman-token":"a89c0ade-b4e7-46fb-9bdb-51be15e24adf","host":"localhost:8080","accept-encoding":"gzip, deflate, br","connection":"keep-alive"} 
- Date : 2020-06-03T22:36:47.705Z  --  level : [32minfo[39m -- message : {"authorization":"Bearer eyJhbGciOiJIUzI1NiIsInR5cCI6IkpXVCJ9.eyJlbWFpbCI6InRvdXJlNTAxQGdtYWlsLmgiLCJsb2dpbkRhdGUiOiIyMDIwLTA2LTAzVDAyOjMyOjQ1LjIyNloiLCJpYXQiOjE1OTExNTE1NjUsImV4cCI6MTU5MTIyMzU2NX0.8jUetrS0XqziGdLkJuL_PA0EAurSJhTWDKHPlGaKgr4","user-agent":"PostmanRuntime/7.25.0","accept":"*/*","cache-control":"no-cache","postman-token":"8ebcad46-8250-4e0c-b056-9841b23279af","host":"localhost:8080","accept-encoding":"gzip, deflate, br","connection":"keep-alive"} 
- Date : 2020-06-03T22:37:32.372Z  --  level : [32minfo[39m -- message : Application démarré sur localhost:8080 
- Date : 2020-06-03T22:38:11.414Z  --  level : [32minfo[39m -- message : {"authorization":"Bearer eyJhbGciOiJIUzI1NiIsInR5cCI6IkpXVCJ9.eyJlbWFpbCI6InRvdXJlNTAxQGdtYWlsLmgiLCJsb2dpbkRhdGUiOiIyMDIwLTA2LTAzVDAyOjMyOjQ1LjIyNloiLCJpYXQiOjE1OTExNTE1NjUsImV4cCI6MTU5MTIyMzU2NX0.8jUetrS0XqziGdLkJuL_PA0EAurSJhTWDKHPlGaKgr4","user-agent":"PostmanRuntime/7.25.0","accept":"*/*","cache-control":"no-cache","postman-token":"ff67192f-d61b-4be3-9239-f2bed7b007b3","host":"localhost:8080","accept-encoding":"gzip, deflate, br","connection":"keep-alive"} 
- Date : 2020-06-03T22:38:18.851Z  --  level : [32minfo[39m -- message : {"authorization":"Bearer eyJhbGciOiJIUzI1NiIsInR5cCI6IkpXVCJ9.eyJlbWFpbCI6InRvdXJlNTAxQGdtYWlsLmgiLCJsb2dpbkRhdGUiOiIyMDIwLTA2LTAzVDAyOjMyOjQ1LjIyNloiLCJpYXQiOjE1OTExNTE1NjUsImV4cCI6MTU5MTIyMzU2NX0.8jUetrS0XqziGdLkJuL_PA0EAurSJhTWDKHPlGaKgr4","user-agent":"PostmanRuntime/7.25.0","accept":"*/*","cache-control":"no-cache","postman-token":"2f367cc0-9a84-4a23-a8ec-4b879ea37584","host":"localhost:8080","accept-encoding":"gzip, deflate, br","connection":"keep-alive"} 
- Date : 2020-06-03T22:39:37.232Z  --  level : [32minfo[39m -- message : Application démarré sur localhost:8080 
- Date : 2020-06-03T22:40:00.590Z  --  level : [32minfo[39m -- message : Application démarré sur localhost:8080 
- Date : 2020-06-03T22:40:31.385Z  --  level : [32minfo[39m -- message : Application démarré sur localhost:8080 
- Date : 2020-06-03T22:40:49.802Z  --  level : [32minfo[39m -- message : Application démarré sur localhost:8080 
- Date : 2020-06-03T22:41:04.761Z  --  level : [32minfo[39m -- message : Application démarré sur localhost:8080 
- Date : 2020-06-03T22:41:54.928Z  --  level : [32minfo[39m -- message : Application démarré sur localhost:8080 
- Date : 2020-06-03T22:42:18.000Z  --  level : [32minfo[39m -- message : Application démarré sur localhost:8080 
- Date : 2020-06-03T22:43:27.745Z  --  level : [32minfo[39m -- message : Application démarré sur localhost:8080 
- Date : 2020-06-03T22:43:42.494Z  --  level : [32minfo[39m -- message : Application démarré sur localhost:8080 
- Date : 2020-06-03T22:43:48.215Z  --  level : [32minfo[39m -- message : {"authorization":"Bearer eyJhbGciOiJIUzI1NiIsInR5cCI6IkpXVCJ9.eyJlbWFpbCI6InRvdXJlNTAxQGdtYWlsLmgiLCJsb2dpbkRhdGUiOiIyMDIwLTA2LTAzVDAyOjMyOjQ1LjIyNloiLCJpYXQiOjE1OTExNTE1NjUsImV4cCI6MTU5MTIyMzU2NX0.8jUetrS0XqziGdLkJuL_PA0EAurSJhTWDKHPlGaKgr4","user-agent":"PostmanRuntime/7.25.0","accept":"*/*","cache-control":"no-cache","postman-token":"4286caae-626b-4dc1-b764-4bee531a16a4","host":"localhost:8080","accept-encoding":"gzip, deflate, br","connection":"keep-alive"} 
- Date : 2020-06-03T22:44:20.896Z  --  level : [32minfo[39m -- message : Application démarré sur localhost:8080 
- Date : 2020-06-03T22:44:28.423Z  --  level : [32minfo[39m -- message : Application démarré sur localhost:8080 
- Date : 2020-06-03T22:44:46.033Z  --  level : [32minfo[39m -- message : Application démarré sur localhost:8080 
- Date : 2020-06-03T22:44:47.651Z  --  level : [32minfo[39m -- message : {"authorization":"Bearer eyJhbGciOiJIUzI1NiIsInR5cCI6IkpXVCJ9.eyJlbWFpbCI6InRvdXJlNTAxQGdtYWlsLmgiLCJsb2dpbkRhdGUiOiIyMDIwLTA2LTAzVDAyOjMyOjQ1LjIyNloiLCJpYXQiOjE1OTExNTE1NjUsImV4cCI6MTU5MTIyMzU2NX0.8jUetrS0XqziGdLkJuL_PA0EAurSJhTWDKHPlGaKgr4","user-agent":"PostmanRuntime/7.25.0","accept":"*/*","cache-control":"no-cache","postman-token":"59b4b835-2948-4fb9-a99a-417d1285549f","host":"localhost:8080","accept-encoding":"gzip, deflate, br","connection":"keep-alive"} 
- Date : 2020-06-03T22:44:49.253Z  --  level : [31merror[39m -- message : TokenExpiredError: jwt expired 
- Date : 2020-06-03T22:45:19.604Z  --  level : [32minfo[39m -- message : Application démarré sur localhost:8080 
- Date : 2020-06-03T22:45:53.465Z  --  level : [32minfo[39m -- message : Application démarré sur localhost:8080 
- Date : 2020-06-03T22:45:53.790Z  --  level : [32minfo[39m -- message : {"authorization":"Bearer eyJhbGciOiJIUzI1NiIsInR5cCI6IkpXVCJ9.eyJlbWFpbCI6InRvdXJlNTAxQGdtYWlsLmgiLCJsb2dpbkRhdGUiOiIyMDIwLTA2LTAzVDAyOjMyOjQ1LjIyNloiLCJpYXQiOjE1OTExNTE1NjUsImV4cCI6MTU5MTIyMzU2NX0.8jUetrS0XqziGdLkJuL_PA0EAurSJhTWDKHPlGaKgr4","user-agent":"PostmanRuntime/7.25.0","accept":"*/*","cache-control":"no-cache","postman-token":"696e7179-9a3e-44a7-b419-b5d0b79bb1be","host":"localhost:8080","accept-encoding":"gzip, deflate, br","connection":"keep-alive"} 
- Date : 2020-06-03T22:45:56.753Z  --  level : [31merror[39m -- message : tokenVerfication folderTokenExpiredError: jwt expired 
- Date : 2020-06-03T22:46:33.885Z  --  level : [32minfo[39m -- message : Application démarré sur localhost:8080 
- Date : 2020-06-03T22:47:49.584Z  --  level : [32minfo[39m -- message : Application démarré sur localhost:8080 
- Date : 2020-06-03T22:47:58.603Z  --  level : [32minfo[39m -- message : Application démarré sur localhost:8080 
- Date : 2020-06-03T22:51:56.234Z  --  level : [32minfo[39m -- message : Application démarré sur localhost:8080 
- Date : 2020-06-03T22:52:01.043Z  --  level : [32minfo[39m -- message : Application démarré sur localhost:8080 
- Date : 2020-06-03T22:52:49.197Z  --  level : [32minfo[39m -- message : {"authorization":"Bearer eyJhbGciOiJIUzI1NiIsInR5cCI6IkpXVCJ9.eyJlbWFpbCI6InRvdXJlNTAxQGdtYWlsLmgiLCJsb2dpbkRhdGUiOiIyMDIwLTA2LTAzVDAyOjMyOjQ1LjIyNloiLCJpYXQiOjE1OTExNTE1NjUsImV4cCI6MTU5MTIyMzU2NX0.8jUetrS0XqziGdLkJuL_PA0EAurSJhTWDKHPlGaKgr4","user-agent":"PostmanRuntime/7.25.0","accept":"*/*","cache-control":"no-cache","postman-token":"4c1ba516-289d-46fe-83a6-13540444bf32","host":"localhost:8080","accept-encoding":"gzip, deflate, br","connection":"keep-alive"} 
- Date : 2020-06-03T22:52:50.790Z  --  level : [31merror[39m -- message : tokenVerfication folderTokenExpiredError: jwt expired 
- Date : 2020-06-03T22:53:22.410Z  --  level : [32minfo[39m -- message : {"authorization":"Bearer eyJhbGciOiJIUzI1NiIsInR5cCI6IkpXVCJ9.eyJlbWFpbCI6InRvdXJlNTAxQGdtYWlsLmgiLCJsb2dpbkRhdGUiOiIyMDIwLTA2LTAzVDAyOjMyOjQ1LjIyNloiLCJpYXQiOjE1OTExNTE1NjUsImV4cCI6MTU5MTIyMzU2NX0.8jUetrS0XqziGdLkJuL_PA0EAurSJhTWDKHPlGaKgr4","user-agent":"PostmanRuntime/7.25.0","accept":"*/*","cache-control":"no-cache","postman-token":"d1ef4abe-a6da-498f-8e91-3696b9f50b8e","host":"localhost:8080","accept-encoding":"gzip, deflate, br","connection":"keep-alive"} 
- Date : 2020-06-03T22:53:22.637Z  --  level : [31merror[39m -- message : tokenVerfication folderTokenExpiredError: jwt expired 
- Date : 2020-06-03T22:53:37.351Z  --  level : [32minfo[39m -- message : {"accept":"application/json","authorization":"Bearer eyJhbGciOiJIUzI1NiIsInR5cCI6IkpXVCJ9.eyJlbWFpbCI6InRvdXJlNTAxQGdtYWlsLmgiLCJsb2dpbkRhdGUiOiIyMDIwLTA2LTAzVDAyOjMyOjQ1LjIyNloiLCJpYXQiOjE1OTExNTE1NjUsImV4cCI6MTU5MTIyMzU2NX0.8jUetrS0XqziGdLkJuL_PA0EAurSJhTWDKHPlGaKgr4","user-agent":"PostmanRuntime/7.25.0","cache-control":"no-cache","postman-token":"20bd5943-6cd4-4610-85bf-0e72c4d6a1e9","host":"localhost:8080","accept-encoding":"gzip, deflate, br","connection":"keep-alive"} 
- Date : 2020-06-03T22:53:37.581Z  --  level : [31merror[39m -- message : tokenVerfication folderTokenExpiredError: jwt expired 
- Date : 2020-06-03T22:55:48.401Z  --  level : [32minfo[39m -- message : {"accept":"application/json","authorization":"Bearer eyJhbGciOiJIUzI1NiIsInR5cCI6IkpXVCJ9.eyJlbWFpbCI6InRvdXJlNTAxQGdtYWlsLmgiLCJsb2dpbkRhdGUiOiIyMDIwLTA2LTAzVDAyOjMyOjQ1LjIyNloiLCJpYXQiOjE1OTExNTE1NjUsImV4cCI6MTU5MTIyMzU2NX0.8jUetrS0XqziGdLkJuL_PA0EAurSJhTWDKHPlGaKgr4","user-agent":"PostmanRuntime/7.25.0","cache-control":"no-cache","postman-token":"7e4c5937-45a6-4df6-b325-ff946bfaa285","host":"localhost:8080","accept-encoding":"gzip, deflate, br","connection":"keep-alive"} 
- Date : 2020-06-03T22:55:50.329Z  --  level : [31merror[39m -- message : tokenVerfication folderTokenExpiredError: jwt expired 
- Date : 2020-06-03T22:56:08.980Z  --  level : [32minfo[39m -- message : {"accept":"application/json","authorization":"Bearer eyJhbGciOiJIUzI1NiIsInR5cCI6IkpXVCJ9.eyJlbWFpbCI6InRvdXJlNTAxQGdtYWlsLmgiLCJsb2dpbkRhdGUiOiIyMDIwLTA2LTAzVDIyOjUzOjAxLjg4NVoiLCJpYXQiOjE1OTEyMjQ3ODEsImV4cCI6MTU5OTIyNDc4MX0.lG0FoLwWMIwRR1EZEGYCg3-jZctfA4rGMm1ZKOhaJmA","user-agent":"PostmanRuntime/7.25.0","cache-control":"no-cache","postman-token":"4b0335e9-2e8d-4355-b294-49491f0c4b59","host":"localhost:8080","accept-encoding":"gzip, deflate, br","connection":"keep-alive"} 
- Date : 2020-06-03T22:56:09.201Z  --  level : [32minfo[39m -- message : get disease dease test 
- Date : 2020-06-03T22:57:08.947Z  --  level : [32minfo[39m -- message : {"accept":"application/json","authorization":"Bearer eyJhbGciOiJIUzI1NiIsInR5cCI6IkpXVCJ9.eyJlbWFpbCI6InRvdXJlNTAxQGdtYWlsLmgiLCJsb2dpbkRhdGUiOiIyMDIwLTA2LTAzVDIyOjUzOjAxLjg4NVoiLCJpYXQiOjE1OTEyMjQ3ODEsImV4cCI6MTU5OTIyNDc4MX0.lG0FoLwWMIwRR1EZEGYCg3-jZctfA4rGMm1ZKOhaJmA","user-agent":"PostmanRuntime/7.25.0","cache-control":"no-cache","postman-token":"e318788d-78df-4316-8a90-75ff9a88f52b","host":"localhost:8080","accept-encoding":"gzip, deflate, br","connection":"keep-alive"} 
- Date : 2020-06-03T22:57:10.690Z  --  level : [32minfo[39m -- message : get disease 5ed7ba97b474a228aca46399 
- Date : 2020-06-03T22:57:10.726Z  --  level : [31merror[39m -- message : ---------------WHEN  GET ONE USER ONE DISEASE BY ID --------------- 
- Date : 2020-06-03T23:00:10.218Z  --  level : [32minfo[39m -- message : Application démarré sur localhost:8080 
- Date : 2020-06-03T23:00:10.542Z  --  level : [32minfo[39m -- message : {"accept":"application/json","authorization":"Bearer eyJhbGciOiJIUzI1NiIsInR5cCI6IkpXVCJ9.eyJlbWFpbCI6InRvdXJlNTAxQGdtYWlsLmgiLCJsb2dpbkRhdGUiOiIyMDIwLTA2LTAzVDIyOjUzOjAxLjg4NVoiLCJpYXQiOjE1OTEyMjQ3ODEsImV4cCI6MTU5OTIyNDc4MX0.lG0FoLwWMIwRR1EZEGYCg3-jZctfA4rGMm1ZKOhaJmA","user-agent":"PostmanRuntime/7.25.0","cache-control":"no-cache","postman-token":"75f1d9fc-c58d-4fc4-a0d8-8d103744c81e","host":"localhost:8080","accept-encoding":"gzip, deflate, br","connection":"keep-alive"} 
- Date : 2020-06-03T23:00:13.941Z  --  level : [32minfo[39m -- message : get disease 5ed7ba97b474a228aca46399 
- Date : 2020-06-03T23:00:13.943Z  --  level : [31merror[39m -- message : ---------------WHEN  GET ONE USER ONE DISEASE BY ID --------------- 
- Date : 2020-06-03T23:00:45.329Z  --  level : [32minfo[39m -- message : Application démarré sur localhost:8080 
- Date : 2020-06-03T23:00:45.353Z  --  level : [32minfo[39m -- message : {"accept":"application/json","authorization":"Bearer eyJhbGciOiJIUzI1NiIsInR5cCI6IkpXVCJ9.eyJlbWFpbCI6InRvdXJlNTAxQGdtYWlsLmgiLCJsb2dpbkRhdGUiOiIyMDIwLTA2LTAzVDIyOjUzOjAxLjg4NVoiLCJpYXQiOjE1OTEyMjQ3ODEsImV4cCI6MTU5OTIyNDc4MX0.lG0FoLwWMIwRR1EZEGYCg3-jZctfA4rGMm1ZKOhaJmA","user-agent":"PostmanRuntime/7.25.0","cache-control":"no-cache","postman-token":"31f628c0-18a2-4363-96d9-31a910f6631d","host":"localhost:8080","accept-encoding":"gzip, deflate, br","connection":"keep-alive"} 
- Date : 2020-06-03T23:00:48.318Z  --  level : [32minfo[39m -- message : get disease 5ed7ba97b474a228aca46399 
- Date : 2020-06-03T23:00:48.320Z  --  level : [31merror[39m -- message : ---------------WHEN  GET ONE USER ONE DISEASE BY ID --------------- 
- Date : 2020-06-03T23:02:35.776Z  --  level : [32minfo[39m -- message : Application démarré sur localhost:8080 
- Date : 2020-06-03T23:02:46.540Z  --  level : [32minfo[39m -- message : Application démarré sur localhost:8080 
- Date : 2020-06-03T23:02:48.757Z  --  level : [32minfo[39m -- message : {"accept":"application/json","authorization":"Bearer eyJhbGciOiJIUzI1NiIsInR5cCI6IkpXVCJ9.eyJlbWFpbCI6InRvdXJlNTAxQGdtYWlsLmgiLCJsb2dpbkRhdGUiOiIyMDIwLTA2LTAzVDIyOjUzOjAxLjg4NVoiLCJpYXQiOjE1OTEyMjQ3ODEsImV4cCI6MTU5OTIyNDc4MX0.lG0FoLwWMIwRR1EZEGYCg3-jZctfA4rGMm1ZKOhaJmA","user-agent":"PostmanRuntime/7.25.0","cache-control":"no-cache","postman-token":"1f9ce4c0-e316-4aaa-90c0-5e82a40e841c","host":"localhost:8080","accept-encoding":"gzip, deflate, br","connection":"keep-alive"} 
- Date : 2020-06-03T23:02:50.469Z  --  level : [32minfo[39m -- message : get disease 5ed7ba97b474a228aca46399 
- Date : 2020-06-03T23:02:50.470Z  --  level : [31merror[39m -- message : ---------------WHEN  GET ONE USER ONE DISEASE BY ID  (1) --------------- 
- Date : 2020-06-03T23:02:50.473Z  --  level : [31merror[39m -- message : error (2)[object Promise] 
- Date : 2020-06-03T23:04:06.343Z  --  level : [32minfo[39m -- message : Application démarré sur localhost:8080 
- Date : 2020-06-03T23:04:06.846Z  --  level : [32minfo[39m -- message : {"accept":"application/json","authorization":"Bearer eyJhbGciOiJIUzI1NiIsInR5cCI6IkpXVCJ9.eyJlbWFpbCI6InRvdXJlNTAxQGdtYWlsLmgiLCJsb2dpbkRhdGUiOiIyMDIwLTA2LTAzVDIyOjUzOjAxLjg4NVoiLCJpYXQiOjE1OTEyMjQ3ODEsImV4cCI6MTU5OTIyNDc4MX0.lG0FoLwWMIwRR1EZEGYCg3-jZctfA4rGMm1ZKOhaJmA","user-agent":"PostmanRuntime/7.25.0","cache-control":"no-cache","postman-token":"a82e89d8-3352-46e5-9dca-e66bbd1430c4","host":"localhost:8080","accept-encoding":"gzip, deflate, br","connection":"keep-alive"} 
- Date : 2020-06-03T23:04:09.590Z  --  level : [32minfo[39m -- message : get disease 5ed7ba97b474a228aca46399 
- Date : 2020-06-03T23:04:09.592Z  --  level : [31merror[39m -- message : ---------------WHEN  GET ONE USER ONE DISEASE BY ID  (1) --------------- 
- Date : 2020-06-03T23:04:09.594Z  --  level : [31merror[39m -- message : error (1)[object Promise] 
- Date : 2020-06-03T23:04:41.161Z  --  level : [32minfo[39m -- message : Application démarré sur localhost:8080 
- Date : 2020-06-03T23:04:41.494Z  --  level : [32minfo[39m -- message : {"accept":"application/json","authorization":"Bearer eyJhbGciOiJIUzI1NiIsInR5cCI6IkpXVCJ9.eyJlbWFpbCI6InRvdXJlNTAxQGdtYWlsLmgiLCJsb2dpbkRhdGUiOiIyMDIwLTA2LTAzVDIyOjUzOjAxLjg4NVoiLCJpYXQiOjE1OTEyMjQ3ODEsImV4cCI6MTU5OTIyNDc4MX0.lG0FoLwWMIwRR1EZEGYCg3-jZctfA4rGMm1ZKOhaJmA","user-agent":"PostmanRuntime/7.25.0","cache-control":"no-cache","postman-token":"54065424-7e7b-4eb8-8d58-2cf7a22a0e6b","host":"localhost:8080","accept-encoding":"gzip, deflate, br","connection":"keep-alive"} 
- Date : 2020-06-03T23:04:44.219Z  --  level : [32minfo[39m -- message : get disease 5ed7ba97b474a228aca46399 
- Date : 2020-06-03T23:04:44.221Z  --  level : [31merror[39m -- message : ---------------WHEN  GET ONE USER ONE DISEASE BY ID  (1) --------------- 
- Date : 2020-06-03T23:04:44.222Z  --  level : [31merror[39m -- message : error (1)[object Promise] 
- Date : 2020-06-03T23:05:28.852Z  --  level : [32minfo[39m -- message : Application démarré sur localhost:8080 
- Date : 2020-06-03T23:05:29.299Z  --  level : [32minfo[39m -- message : {"accept":"application/json","authorization":"Bearer eyJhbGciOiJIUzI1NiIsInR5cCI6IkpXVCJ9.eyJlbWFpbCI6InRvdXJlNTAxQGdtYWlsLmgiLCJsb2dpbkRhdGUiOiIyMDIwLTA2LTAzVDIyOjUzOjAxLjg4NVoiLCJpYXQiOjE1OTEyMjQ3ODEsImV4cCI6MTU5OTIyNDc4MX0.lG0FoLwWMIwRR1EZEGYCg3-jZctfA4rGMm1ZKOhaJmA","user-agent":"PostmanRuntime/7.25.0","cache-control":"no-cache","postman-token":"24edb130-bd76-4e07-a308-c02fd37d6324","host":"localhost:8080","accept-encoding":"gzip, deflate, br","connection":"keep-alive"} 
- Date : 2020-06-03T23:05:32.206Z  --  level : [32minfo[39m -- message : get disease 5ed7ba97b474a228aca46399 
- Date : 2020-06-03T23:05:32.209Z  --  level : [31merror[39m -- message : ---------------WHEN  GET ONE USER ONE DISEASE BY ID  (1) --------------- 
- Date : 2020-06-03T23:05:32.212Z  --  level : [31merror[39m -- message : error (1)[object Promise] 
- Date : 2020-06-03T23:05:52.638Z  --  level : [32minfo[39m -- message : Application démarré sur localhost:8080 
- Date : 2020-06-03T23:06:12.481Z  --  level : [32minfo[39m -- message : {"accept":"application/json","authorization":"Bearer eyJhbGciOiJIUzI1NiIsInR5cCI6IkpXVCJ9.eyJlbWFpbCI6InRvdXJlNTAxQGdtYWlsLmgiLCJsb2dpbkRhdGUiOiIyMDIwLTA2LTAzVDIyOjUzOjAxLjg4NVoiLCJpYXQiOjE1OTEyMjQ3ODEsImV4cCI6MTU5OTIyNDc4MX0.lG0FoLwWMIwRR1EZEGYCg3-jZctfA4rGMm1ZKOhaJmA","user-agent":"PostmanRuntime/7.25.0","cache-control":"no-cache","postman-token":"9201c9ce-1d6f-457c-9902-04e830d7c2df","host":"localhost:8080","accept-encoding":"gzip, deflate, br","connection":"keep-alive"} 
- Date : 2020-06-03T23:06:14.056Z  --  level : [32minfo[39m -- message : get disease 5ed7ba97b474a228aca46399 
- Date : 2020-06-03T23:06:14.088Z  --  level : [31merror[39m -- message : ---------------WHEN  GET ONE USER ONE DISEASE BY ID  (1) --------------- 
- Date : 2020-06-03T23:06:14.089Z  --  level : [31merror[39m -- message : error (1)[object Promise] 
